(1, 2)
(1, 3)
(4, 5)
(4, 6)
(9, 3211)
(15, 3217)
(22, 23)
(22, 3228)
(34, 35)
(34, 1104)
(43, 44)
(43, 45)
(49, 50)
(49, 51)
(52, 54)
(52, 409)
(56, 411)
(57, 411)
(67, 68)
(67, 69)
(73, 74)
(73, 75)
(76, 77)
(76, 78)
(79, 80)
(79, 81)
(85, 86)
(85, 87)
(88, 89)
(88, 90)
(91, 92)
(91, 93)
(97, 98)
(97, 99)
(106, 107)
(106, 108)
(112, 113)
(112, 114)
(127, 128)
(127, 129)
(130, 131)
(130, 132)
(133, 134)
(133, 135)
(136, 137)
(136, 138)
(139, 140)
(139, 141)
(139, 1210)
(139, 1211)
(149, 151)
(149, 153)
(149, 506)
(149, 508)
(158, 510)
(164, 165)
(164, 168)
(164, 3370)
(164, 3371)
(169, 170)
(169, 171)
(169, 172)
(169, 173)
(174, 531)
(174, 3380)
(174, 3737)
(174, 4806)
(7, 8)
(7, 1611)
(13, 14)
(13, 1617)
(40, 42)
(40, 1109)
(46, 47)
(46, 1116)
(70, 71)
(70, 72)
(82, 83)
(82, 84)
(124, 125)
(124, 126)
(162, 1761)
(163, 1761)
(166, 1766)
(167, 1766)
(176, 1776)
(1603, 1604)
(1603, 1605)
(1606, 1607)
(1606, 1608)
(1624, 1625)
(1636, 1637)
(1636, 2706)
(1651, 1652)
(1651, 1653)
(1654, 1656)
(1654, 2011)
(1675, 1676)
(1675, 1677)
(1678, 1679)
(1678, 1680)
(1687, 1688)
(1687, 1689)
(1690, 1691)
(1690, 1692)
(1693, 1694)
(1693, 1695)
(1699, 1700)
(1699, 1701)
(1714, 1715)
(1714, 1716)
(1729, 1730)
(1729, 1731)
(1735, 1736)
(1735, 1737)
(1741, 1742)
(1741, 1743)
(1741, 2812)
(1741, 2813)
(1760, 2112)
(1766, 1767)
(1766, 1770)
(1776, 2133)
(1609, 1610)
(1609, 3213)
(1615, 1616)
(1615, 3219)
(1642, 1644)
(1642, 2711)
(1645, 1646)
(1645, 1647)
(1648, 1649)
(1648, 2718)
(1658, 2013)
(1659, 2013)
(1669, 1670)
(1669, 1671)
(1672, 1673)
(1672, 1674)
(1681, 1682)
(1681, 1683)
(1684, 1685)
(1684, 1686)
(1708, 1709)
(1708, 1710)
(1726, 1727)
(1726, 1728)
(1732, 1733)
(1732, 1734)
(1738, 1739)
(1738, 1740)
(1751, 1753)
(1751, 1755)
(1751, 2108)
(1751, 2110)
(1764, 3363)
(1765, 3363)
(1768, 3368)
(1769, 3368)
(1771, 1772)
(1771, 1773)
(1771, 1774)
(1771, 1775)
(1778, 3378)
(3205, 3206)
(3205, 3207)
(3208, 3209)
(3208, 3210)
(3226, 3227)
(3238, 3239)
(3238, 4308)
(3280, 3281)
(3280, 3282)
(3292, 3293)
(3292, 3294)
(3362, 3714)
(3368, 3369)
(3368, 3372)
(3378, 3735)
(3211, 3212)
(3217, 3218)
(3244, 3246)
(3244, 4313)
(3247, 3248)
(3247, 3249)
(3250, 3251)
(3250, 4320)
(3253, 3254)
(3253, 3255)
(3256, 3258)
(3256, 3613)
(3260, 3615)
(3261, 3615)
(3271, 3272)
(3271, 3273)
(3274, 3275)
(3274, 3276)
(3277, 3278)
(3277, 3279)
(3283, 3284)
(3283, 3285)
(3286, 3287)
(3286, 3288)
(3289, 3290)
(3289, 3291)
(3295, 3296)
(3295, 3297)
(3301, 3302)
(3301, 3303)
(3310, 3311)
(3310, 3312)
(3316, 3317)
(3316, 3318)
(3328, 3329)
(3328, 3330)
(3331, 3332)
(3331, 3333)
(3334, 3335)
(3334, 3336)
(3337, 3338)
(3337, 3339)
(3340, 3341)
(3340, 3342)
(3343, 3344)
(3343, 3345)
(3343, 4414)
(3343, 4415)
(3353, 3355)
(3353, 3357)
(3353, 3710)
(3353, 3712)
(3373, 3374)
(3373, 3375)
(3373, 3376)
(3373, 3377)
(31, 32)
(31, 33)
(36, 568)
(37, 38)
(37, 39)
(58, 59)
(58, 416)
(61, 62)
(61, 419)
(64, 65)
(64, 66)
(103, 104)
(103, 105)
(109, 110)
(109, 111)
(121, 122)
(121, 123)
(142, 673)
(143, 673)
(159, 160)
(159, 3365)
(159, 3366)
(159, 3367)
(535, 536)
(535, 537)
(538, 539)
(538, 540)
(568, 569)
(577, 578)
(577, 579)
(583, 584)
(583, 585)
(586, 588)
(586, 943)
(590, 945)
(591, 945)
(607, 608)
(607, 609)
(613, 614)
(613, 615)
(631, 632)
(631, 633)
(640, 641)
(640, 642)
(646, 647)
(646, 648)
(661, 662)
(661, 663)
(670, 671)
(670, 672)
(673, 674)
(673, 675)
(692, 1044)
(698, 699)
(698, 702)
(698, 3904)
(698, 3905)
(708, 1065)
(708, 3738)
(708, 3914)
(708, 4271)
(10, 11)
(10, 12)
(41, 574)
(48, 580)
(161, 1761)
(574, 576)
(580, 581)
(658, 659)
(658, 660)
(700, 2300)
(701, 2300)
(710, 2310)
(1633, 1634)
(1633, 1635)
(1638, 2170)
(1639, 1640)
(1639, 1641)
(1660, 1661)
(1660, 2018)
(1711, 1712)
(1711, 1713)
(1723, 1724)
(1723, 1725)
(1744, 2275)
(1761, 1762)
(2137, 2138)
(2137, 2139)
(2140, 2141)
(2140, 2142)
(2170, 2171)
(2185, 2186)
(2185, 2187)
(2188, 2190)
(2188, 2545)
(2209, 2210)
(2209, 2211)
(2233, 2234)
(2233, 2235)
(2248, 2249)
(2248, 2250)
(2263, 2264)
(2263, 2265)
(2275, 2276)
(2275, 2277)
(2294, 2646)
(2300, 2301)
(2300, 2304)
(2310, 2667)
(1612, 1613)
(1612, 1614)
(1643, 2176)
(1650, 2182)
(1663, 1664)
(1663, 2021)
(1666, 1667)
(1666, 1668)
(1705, 1706)
(1705, 1707)
(1745, 2275)
(1763, 3363)
(2176, 2178)
(2179, 2180)
(2179, 2181)
(2182, 2183)
(2192, 2547)
(2193, 2547)
(2215, 2216)
(2215, 2217)
(2242, 2243)
(2242, 2244)
(2260, 2261)
(2260, 2262)
(2272, 2273)
(2272, 2274)
(2302, 3902)
(2303, 3902)
(2312, 3912)
(3235, 3236)
(3235, 3237)
(3241, 3242)
(3241, 3243)
(3325, 3326)
(3325, 3327)
(3363, 3364)
(3739, 3740)
(3739, 3741)
(3742, 3743)
(3742, 3744)
(3772, 3773)
(3896, 4248)
(3902, 3903)
(3902, 3906)
(3912, 4269)
(3214, 3215)
(3214, 3216)
(3240, 3772)
(3245, 3778)
(3252, 3784)
(3262, 3263)
(3262, 3620)
(3265, 3266)
(3265, 3623)
(3268, 3269)
(3268, 3270)
(3307, 3308)
(3307, 3309)
(3313, 3314)
(3313, 3315)
(3346, 3877)
(3347, 3877)
(3778, 3780)
(3781, 3782)
(3781, 3783)
(3784, 3785)
(3787, 3788)
(3787, 3789)
(3790, 3792)
(3790, 4147)
(3794, 4149)
(3795, 4149)
(3811, 3812)
(3811, 3813)
(3817, 3818)
(3817, 3819)
(3835, 3836)
(3835, 3837)
(3844, 3845)
(3844, 3846)
(3850, 3851)
(3850, 3852)
(3862, 3863)
(3862, 3864)
(3865, 3866)
(3865, 3867)
(3874, 3875)
(3874, 3876)
(3877, 3878)
(3877, 3879)
(543, 3745)
(549, 3751)
(556, 557)
(556, 3762)
(565, 566)
(565, 567)
(570, 1102)
(571, 572)
(571, 573)
(592, 593)
(592, 950)
(595, 596)
(595, 953)
(598, 599)
(598, 600)
(601, 602)
(601, 603)
(610, 611)
(610, 612)
(619, 620)
(619, 621)
(622, 623)
(622, 624)
(625, 626)
(625, 627)
(637, 638)
(637, 639)
(643, 644)
(643, 645)
(655, 656)
(655, 657)
(664, 665)
(664, 666)
(667, 668)
(667, 669)
(676, 1207)
(677, 1207)
(683, 685)
(683, 687)
(683, 1040)
(683, 1042)
(693, 694)
(693, 3899)
(693, 3900)
(693, 3901)
(703, 704)
(703, 705)
(703, 706)
(703, 707)
(1069, 1070)
(1069, 1071)
(1102, 1103)
(1111, 1112)
(1111, 1113)
(1117, 1118)
(1117, 1119)
(1120, 1122)
(1120, 1477)
(1124, 1479)
(1125, 1479)
(1174, 1175)
(1174, 1176)
(1180, 1181)
(1180, 1182)
(1207, 1208)
(1207, 1209)
(1242, 1599)
(1242, 4272)
(1242, 4448)
(1242, 4805)
(541, 542)
(541, 2145)
(544, 545)
(544, 546)
(547, 548)
(547, 2151)
(575, 1108)
(582, 1114)
(604, 605)
(604, 606)
(616, 617)
(616, 618)
(695, 2295)
(696, 2295)
(697, 2295)
(1108, 1110)
(1114, 1115)
(1192, 1193)
(1192, 1194)
(1235, 2834)
(1244, 2844)
(2158, 2159)
(2167, 2168)
(2167, 2169)
(2172, 2704)
(2173, 2174)
(2173, 2175)
(2194, 2195)
(2194, 2552)
(2212, 2213)
(2212, 2214)
(2221, 2222)
(2221, 2223)
(2224, 2225)
(2224, 2226)
(2227, 2228)
(2227, 2229)
(2245, 2246)
(2245, 2247)
(2257, 2258)
(2257, 2259)
(2269, 2270)
(2269, 2271)
(2278, 2809)
(2295, 2296)
(2671, 2672)
(2671, 2673)
(2704, 2705)
(2719, 2720)
(2719, 2721)
(2722, 2724)
(2722, 3079)
(2782, 2783)
(2782, 2784)
(2809, 2810)
(2809, 2811)
(2844, 3201)
(2143, 2144)
(2143, 3747)
(2146, 2147)
(2146, 2148)
(2149, 2150)
(2149, 3753)
(2177, 2710)
(2184, 2716)
(2197, 2198)
(2197, 2555)
(2200, 2201)
(2200, 2202)
(2203, 2204)
(2203, 2205)
(2206, 2207)
(2206, 2208)
(2218, 2219)
(2218, 2220)
(2239, 2240)
(2239, 2241)
(2266, 2267)
(2266, 2268)
(2279, 2809)
(2285, 2287)
(2285, 2289)
(2285, 2642)
(2285, 2644)
(2297, 3897)
(2298, 3897)
(2299, 3897)
(2305, 2306)
(2305, 2307)
(2305, 2308)
(2305, 2309)
(2710, 2712)
(2713, 2714)
(2713, 2715)
(2716, 2717)
(2726, 3081)
(2727, 3081)
(2776, 2777)
(2776, 2778)
(2794, 2795)
(2794, 2796)
(2837, 4436)
(2846, 4446)
(3760, 3761)
(3769, 3770)
(3769, 3771)
(3775, 3776)
(3775, 3777)
(3814, 3815)
(3814, 3816)
(3826, 3827)
(3826, 3828)
(3859, 3860)
(3859, 3861)
(3897, 3898)
(4273, 4274)
(4273, 4275)
(4306, 4307)
(4446, 4803)
(3745, 3746)
(3748, 3749)
(3748, 3750)
(3751, 3752)
(3774, 4306)
(3779, 4312)
(3786, 4318)
(3796, 3797)
(3796, 4154)
(3799, 3800)
(3799, 4157)
(3802, 3803)
(3802, 3804)
(3805, 3806)
(3805, 3807)
(3808, 3809)
(3808, 3810)
(3820, 3821)
(3820, 3822)
(3823, 3824)
(3823, 3825)
(3829, 3830)
(3829, 3831)
(3841, 3842)
(3841, 3843)
(3847, 3848)
(3847, 3849)
(3868, 3869)
(3868, 3870)
(3871, 3872)
(3871, 3873)
(3880, 4411)
(3881, 4411)
(3887, 3889)
(3887, 3891)
(3887, 4244)
(3887, 4246)
(3907, 3908)
(3907, 3909)
(3907, 3910)
(3907, 3911)
(4312, 4314)
(4315, 4316)
(4315, 4317)
(4318, 4319)
(4321, 4322)
(4321, 4323)
(4324, 4326)
(4324, 4681)
(4328, 4683)
(4329, 4683)
(4378, 4379)
(4378, 4380)
(4384, 4385)
(4384, 4386)
(4396, 4397)
(4396, 4398)
(4411, 4412)
(4411, 4413)
(1072, 1073)
(1072, 1074)
(1077, 4279)
(1083, 4285)
(1090, 1091)
(1090, 4296)
(1099, 1100)
(1099, 1101)
(1105, 1106)
(1105, 1107)
(1126, 1127)
(1126, 1484)
(1129, 1130)
(1129, 1487)
(1132, 1133)
(1132, 1134)
(1135, 1136)
(1135, 1137)
(1141, 1142)
(1141, 1143)
(1144, 1145)
(1144, 1146)
(1147, 1148)
(1147, 1149)
(1153, 1154)
(1153, 1155)
(1156, 1157)
(1156, 1158)
(1159, 1160)
(1159, 1161)
(1165, 1166)
(1165, 1167)
(1171, 1172)
(1171, 1173)
(1177, 1178)
(1177, 1179)
(1189, 1190)
(1189, 1191)
(1195, 1196)
(1195, 1197)
(1198, 1199)
(1198, 1200)
(1201, 1202)
(1201, 1203)
(1204, 1205)
(1204, 1206)
(1217, 1219)
(1217, 1221)
(1217, 1574)
(1217, 1576)
(1226, 1578)
(1227, 1228)
(1227, 4433)
(1227, 4434)
(1227, 4435)
(1232, 1233)
(1232, 1236)
(1232, 4438)
(1232, 4439)
(1237, 1238)
(1237, 1239)
(1237, 1240)
(1237, 1241)
(1075, 1076)
(1075, 2679)
(1078, 1079)
(1078, 1080)
(1081, 1082)
(1081, 2685)
(1138, 1139)
(1138, 1140)
(1150, 1151)
(1150, 1152)
(1229, 2829)
(1230, 2829)
(1231, 2829)
(1234, 2834)
(2674, 2675)
(2674, 2676)
(2692, 2693)
(2701, 2702)
(2701, 2703)
(2707, 2708)
(2707, 2709)
(2728, 2729)
(2728, 3086)
(2743, 2744)
(2743, 2745)
(2746, 2747)
(2746, 2748)
(2755, 2756)
(2755, 2757)
(2758, 2759)
(2758, 2760)
(2761, 2762)
(2761, 2763)
(2767, 2768)
(2767, 2769)
(2779, 2780)
(2779, 2781)
(2791, 2792)
(2791, 2793)
(2797, 2798)
(2797, 2799)
(2803, 2804)
(2803, 2805)
(2828, 3180)
(2829, 2830)
(2834, 2835)
(2834, 2838)
(2677, 2678)
(2677, 4281)
(2680, 2681)
(2680, 2682)
(2683, 2684)
(2683, 4287)
(2731, 2732)
(2731, 3089)
(2734, 2735)
(2734, 2736)
(2737, 2738)
(2737, 2739)
(2740, 2741)
(2740, 2742)
(2749, 2750)
(2749, 2751)
(2752, 2753)
(2752, 2754)
(2773, 2774)
(2773, 2775)
(2800, 2801)
(2800, 2802)
(2806, 2807)
(2806, 2808)
(2819, 2821)
(2819, 2823)
(2819, 3176)
(2819, 3178)
(2831, 4431)
(2832, 4431)
(2833, 4431)
(2836, 4436)
(2839, 2840)
(2839, 2841)
(2839, 2842)
(2839, 2843)
(4276, 4277)
(4276, 4278)
(4294, 4295)
(4303, 4304)
(4303, 4305)
(4309, 4310)
(4309, 4311)
(4348, 4349)
(4348, 4350)
(4360, 4361)
(4360, 4362)
(4393, 4394)
(4393, 4395)
(4430, 4782)
(4431, 4432)
(4436, 4437)
(4436, 4440)
(4279, 4280)
(4282, 4283)
(4282, 4284)
(4285, 4286)
(4330, 4331)
(4330, 4688)
(4333, 4334)
(4333, 4691)
(4336, 4337)
(4336, 4338)
(4339, 4340)
(4339, 4341)
(4342, 4343)
(4342, 4344)
(4345, 4346)
(4345, 4347)
(4351, 4352)
(4351, 4353)
(4354, 4355)
(4354, 4356)
(4357, 4358)
(4357, 4359)
(4363, 4364)
(4363, 4365)
(4369, 4370)
(4369, 4371)
(4375, 4376)
(4375, 4377)
(4381, 4382)
(4381, 4383)
(4399, 4400)
(4399, 4401)
(4402, 4403)
(4402, 4404)
(4405, 4406)
(4405, 4407)
(4408, 4409)
(4408, 4410)
(4421, 4423)
(4421, 4425)
(4421, 4778)
(4421, 4780)
(4441, 4442)
(4441, 4443)
(4441, 4444)
(4441, 4445)
(19, 21)
(19, 3224)
(53, 230)
(55, 234)
(55, 235)
(63, 239)
(94, 95)
(94, 96)
(100, 101)
(100, 102)
(118, 119)
(118, 120)
(144, 145)
(144, 146)
(144, 147)
(144, 1216)
(152, 327)
(154, 155)
(154, 156)
(154, 157)
(154, 336)
(175, 352)
(179, 180)
(179, 181)
(182, 183)
(182, 184)
(187, 3389)
(193, 3395)
(227, 228)
(227, 229)
(230, 232)
(245, 246)
(245, 247)
(251, 252)
(251, 253)
(254, 255)
(254, 256)
(269, 270)
(269, 271)
(275, 276)
(275, 277)
(311, 312)
(311, 313)
(314, 315)
(314, 316)
(317, 318)
(317, 319)
(317, 1388)
(317, 1389)
(327, 329)
(327, 331)
(347, 348)
(347, 349)
(347, 350)
(347, 351)
(352, 3381)
(352, 3558)
(352, 4450)
(16, 17)
(16, 18)
(20, 1621)
(24, 1624)
(28, 29)
(28, 30)
(150, 327)
(177, 1954)
(185, 186)
(185, 1789)
(191, 192)
(191, 1795)
(218, 220)
(218, 1287)
(248, 249)
(248, 250)
(302, 303)
(302, 304)
(340, 1939)
(345, 1944)
(354, 1954)
(1621, 1623)
(1720, 1721)
(1720, 1722)
(1756, 1757)
(1756, 1758)
(1756, 1759)
(1756, 1938)
(1777, 1954)
(1781, 1782)
(1781, 1783)
(1784, 1785)
(1784, 1786)
(1829, 1830)
(1829, 1831)
(1832, 1834)
(1853, 1854)
(1853, 1855)
(1856, 1857)
(1856, 1858)
(1871, 1872)
(1871, 1873)
(1877, 1878)
(1877, 1879)
(1913, 1914)
(1913, 1915)
(1919, 1920)
(1919, 1921)
(1919, 2990)
(1919, 2991)
(1618, 1619)
(1618, 1620)
(1622, 3223)
(1626, 3226)
(1630, 1631)
(1630, 1632)
(1655, 1832)
(1657, 1836)
(1657, 1837)
(1665, 1841)
(1696, 1697)
(1696, 1698)
(1702, 1703)
(1702, 1704)
(1746, 1747)
(1746, 1748)
(1746, 1749)
(1746, 2818)
(1752, 1929)
(1754, 1929)
(1779, 3556)
(1787, 1788)
(1787, 3391)
(1793, 1794)
(1793, 3397)
(1820, 1822)
(1820, 2889)
(1847, 1848)
(1847, 1849)
(1850, 1851)
(1850, 1852)
(1904, 1905)
(1904, 1906)
(1916, 1917)
(1916, 1918)
(1929, 1931)
(1929, 1933)
(1942, 3541)
(1947, 3546)
(1949, 1950)
(1949, 1951)
(1949, 1952)
(1949, 1953)
(1956, 3556)
(3223, 3225)
(3322, 3323)
(3322, 3324)
(3358, 3359)
(3358, 3360)
(3358, 3361)
(3358, 3540)
(3379, 3556)
(3383, 3384)
(3383, 3385)
(3386, 3387)
(3386, 3388)
(3458, 3459)
(3458, 3460)
(3220, 3221)
(3220, 3222)
(3232, 3233)
(3232, 3234)
(3257, 3434)
(3259, 3438)
(3259, 3439)
(3267, 3443)
(3298, 3299)
(3298, 3300)
(3304, 3305)
(3304, 3306)
(3348, 3349)
(3348, 3350)
(3348, 3351)
(3348, 4420)
(3354, 3531)
(3356, 3531)
(3389, 3390)
(3395, 3396)
(3422, 3424)
(3422, 4491)
(3431, 3432)
(3431, 3433)
(3434, 3436)
(3449, 3450)
(3449, 3451)
(3452, 3453)
(3452, 3454)
(3455, 3456)
(3455, 3457)
(3473, 3474)
(3473, 3475)
(3479, 3480)
(3479, 3481)
(3506, 3507)
(3506, 3508)
(3515, 3516)
(3515, 3517)
(3518, 3519)
(3518, 3520)
(3521, 3522)
(3521, 3523)
(3521, 4592)
(3521, 4593)
(3531, 3533)
(3531, 3535)
(3551, 3552)
(3551, 3553)
(3551, 3554)
(3551, 3555)
(25, 26)
(25, 27)
(60, 236)
(148, 678)
(209, 210)
(209, 211)
(236, 237)
(239, 240)
(242, 243)
(242, 244)
(281, 282)
(281, 283)
(299, 300)
(299, 301)
(320, 851)
(321, 851)
(337, 338)
(337, 3543)
(337, 3544)
(337, 3545)
(553, 555)
(553, 3758)
(587, 764)
(589, 768)
(589, 769)
(634, 635)
(634, 636)
(652, 653)
(652, 654)
(678, 679)
(678, 680)
(678, 681)
(686, 861)
(709, 886)
(713, 714)
(713, 715)
(716, 717)
(716, 718)
(761, 762)
(761, 763)
(764, 766)
(785, 786)
(785, 787)
(809, 810)
(809, 811)
(848, 849)
(848, 850)
(851, 852)
(851, 853)
(886, 3382)
(886, 3915)
(886, 4092)
(115, 116)
(115, 117)
(178, 2488)
(188, 189)
(188, 190)
(219, 752)
(550, 551)
(550, 552)
(554, 2155)
(711, 2488)
(752, 754)
(836, 837)
(836, 838)
(879, 2478)
(888, 2488)
(1627, 1628)
(1627, 1629)
(1662, 1838)
(1750, 2280)
(1811, 1812)
(1811, 1813)
(1838, 1839)
(1901, 1902)
(1901, 1903)
(1922, 2453)
(1939, 1940)
(2155, 2157)
(2254, 2255)
(2254, 2256)
(2311, 2488)
(2315, 2316)
(2315, 2317)
(2318, 2319)
(2318, 2320)
(2363, 2364)
(2363, 2365)
(2366, 2368)
(2387, 2388)
(2387, 2389)
(2411, 2412)
(2411, 2413)
(2453, 2454)
(2453, 2455)
(1717, 1718)
(1717, 1719)
(1780, 4090)
(1790, 1791)
(1790, 1792)
(1821, 2354)
(1841, 1842)
(1844, 1845)
(1844, 1846)
(1883, 1884)
(1883, 1885)
(1923, 2453)
(2152, 2153)
(2152, 2154)
(2156, 3757)
(2189, 2366)
(2191, 2370)
(2191, 2371)
(2236, 2237)
(2236, 2238)
(2280, 2281)
(2280, 2282)
(2280, 2283)
(2288, 2463)
(2313, 4090)
(2354, 2356)
(2438, 2439)
(2438, 2440)
(2450, 2451)
(2450, 2452)
(2481, 4080)
(2490, 4090)
(3229, 3230)
(3229, 3231)
(3413, 3414)
(3413, 3415)
(3503, 3504)
(3503, 3505)
(3541, 3542)
(3757, 3759)
(3856, 3857)
(3856, 3858)
(3913, 4090)
(3917, 3918)
(3917, 3919)
(3920, 3921)
(3920, 3922)
(3264, 3440)
(3319, 3320)
(3319, 3321)
(3352, 3882)
(3392, 3393)
(3392, 3394)
(3423, 3956)
(3440, 3441)
(3443, 3444)
(3446, 3447)
(3446, 3448)
(3485, 3486)
(3485, 3487)
(3524, 4055)
(3525, 4055)
(3754, 3755)
(3754, 3756)
(3791, 3968)
(3793, 3972)
(3793, 3973)
(3838, 3839)
(3838, 3840)
(3882, 3883)
(3882, 3884)
(3882, 3885)
(3890, 4065)
(3956, 3958)
(3965, 3966)
(3965, 3967)
(3968, 3970)
(3989, 3990)
(3989, 3991)
(4013, 4014)
(4013, 4015)
(4040, 4041)
(4040, 4042)
(4052, 4053)
(4052, 4054)
(4055, 4056)
(4055, 4057)
(559, 560)
(559, 561)
(594, 770)
(597, 773)
(628, 629)
(628, 630)
(682, 1212)
(688, 689)
(688, 690)
(688, 691)
(688, 870)
(721, 3923)
(727, 3929)
(743, 744)
(743, 745)
(770, 771)
(773, 774)
(776, 777)
(776, 778)
(779, 780)
(779, 781)
(788, 789)
(788, 790)
(803, 804)
(803, 805)
(815, 816)
(815, 817)
(833, 834)
(833, 835)
(845, 846)
(845, 847)
(854, 1385)
(855, 1385)
(861, 863)
(861, 865)
(871, 872)
(871, 4077)
(871, 4078)
(871, 4079)
(881, 882)
(881, 883)
(881, 884)
(881, 885)
(1121, 1298)
(1123, 1302)
(1123, 1303)
(1186, 1187)
(1186, 1188)
(1212, 1213)
(1212, 1214)
(1212, 1215)
(1243, 1420)
(1247, 1248)
(1247, 1249)
(1295, 1296)
(1295, 1297)
(1298, 1300)
(1385, 1386)
(1385, 1387)
(1420, 3916)
(1420, 4449)
(1420, 4626)
(558, 2158)
(562, 563)
(562, 564)
(649, 650)
(649, 651)
(684, 861)
(712, 3022)
(719, 720)
(719, 2323)
(722, 723)
(722, 724)
(725, 726)
(725, 2329)
(753, 1286)
(782, 783)
(782, 784)
(874, 2473)
(1084, 1085)
(1084, 1086)
(1245, 3022)
(1286, 1288)
(1370, 1371)
(1370, 1372)
(1413, 3012)
(1422, 3022)
(2161, 2162)
(2161, 2163)
(2196, 2372)
(2284, 2814)
(2290, 2291)
(2290, 2292)
(2290, 2293)
(2290, 2472)
(2345, 2346)
(2345, 2347)
(2372, 2373)
(2390, 2391)
(2390, 2392)
(2405, 2406)
(2405, 2407)
(2435, 2436)
(2435, 2437)
(2447, 2448)
(2447, 2449)
(2456, 2987)
(2473, 2474)
(2788, 2789)
(2788, 2790)
(2845, 3022)
(2849, 2850)
(2849, 2851)
(2897, 2898)
(2897, 2899)
(2900, 2902)
(2987, 2988)
(2987, 2989)
(2160, 3760)
(2164, 2165)
(2164, 2166)
(2199, 2375)
(2230, 2231)
(2230, 2232)
(2251, 2252)
(2251, 2253)
(2286, 2463)
(2314, 4624)
(2321, 2322)
(2321, 3925)
(2324, 2325)
(2324, 2326)
(2327, 2328)
(2327, 3931)
(2355, 2888)
(2375, 2376)
(2378, 2379)
(2378, 2380)
(2381, 2382)
(2381, 2383)
(2384, 2385)
(2384, 2386)
(2417, 2418)
(2417, 2419)
(2457, 2987)
(2463, 2465)
(2463, 2467)
(2476, 4075)
(2483, 2484)
(2483, 2485)
(2483, 2486)
(2483, 2487)
(2686, 2687)
(2686, 2688)
(2723, 2900)
(2725, 2904)
(2725, 2905)
(2814, 2815)
(2814, 2816)
(2814, 2817)
(2847, 4624)
(2888, 2890)
(2972, 2973)
(2972, 2974)
(3015, 4614)
(3024, 4624)
(3763, 3764)
(3763, 3765)
(3892, 3893)
(3892, 3894)
(3892, 3895)
(3892, 4074)
(3947, 3948)
(3947, 3949)
(3992, 3993)
(3992, 3994)
(4037, 4038)
(4037, 4039)
(4075, 4076)
(4390, 4391)
(4390, 4392)
(4447, 4624)
(4451, 4452)
(4451, 4453)
(3766, 3767)
(3766, 3768)
(3798, 3974)
(3801, 3977)
(3832, 3833)
(3832, 3834)
(3853, 3854)
(3853, 3855)
(3886, 4416)
(3888, 4065)
(3923, 3924)
(3926, 3927)
(3926, 3928)
(3929, 3930)
(3957, 4490)
(3974, 3975)
(3977, 3978)
(3980, 3981)
(3980, 3982)
(3983, 3984)
(3983, 3985)
(3986, 3987)
(3986, 3988)
(4007, 4008)
(4007, 4009)
(4019, 4020)
(4019, 4021)
(4049, 4050)
(4049, 4051)
(4058, 4589)
(4059, 4589)
(4065, 4067)
(4065, 4069)
(4085, 4086)
(4085, 4087)
(4085, 4088)
(4085, 4089)
(4288, 4289)
(4288, 4290)
(4325, 4502)
(4327, 4506)
(4327, 4507)
(4416, 4417)
(4416, 4418)
(4416, 4419)
(4490, 4492)
(4499, 4500)
(4499, 4501)
(4502, 4504)
(4574, 4575)
(4574, 4576)
(4589, 4590)
(4589, 4591)
(1087, 1089)
(1087, 4292)
(1093, 1094)
(1093, 1095)
(1128, 1304)
(1131, 1307)
(1162, 1163)
(1162, 1164)
(1168, 1169)
(1168, 1170)
(1220, 1395)
(1222, 1223)
(1222, 1224)
(1222, 1225)
(1222, 1404)
(1250, 1251)
(1250, 1252)
(1255, 4457)
(1261, 4463)
(1277, 1278)
(1277, 1279)
(1304, 1305)
(1307, 1308)
(1310, 1311)
(1310, 1312)
(1313, 1314)
(1313, 1315)
(1319, 1320)
(1319, 1321)
(1322, 1323)
(1322, 1324)
(1337, 1338)
(1337, 1339)
(1343, 1344)
(1343, 1345)
(1349, 1350)
(1349, 1351)
(1367, 1368)
(1367, 1369)
(1379, 1380)
(1379, 1381)
(1382, 1383)
(1382, 1384)
(1395, 1397)
(1395, 1399)
(1405, 1406)
(1405, 4611)
(1405, 4612)
(1405, 4613)
(1415, 1416)
(1415, 1417)
(1415, 1418)
(1415, 1419)
(1088, 2689)
(1092, 2692)
(1096, 1097)
(1096, 1098)
(1183, 1184)
(1183, 1185)
(1218, 1395)
(1246, 1954)
(1253, 1254)
(1253, 2857)
(1256, 1257)
(1256, 1258)
(1259, 1260)
(1259, 2863)
(1316, 1317)
(1316, 1318)
(1408, 3007)
(2689, 2691)
(2695, 2696)
(2695, 2697)
(2730, 2906)
(2824, 2825)
(2824, 2826)
(2824, 2827)
(2824, 3006)
(2852, 2853)
(2852, 2854)
(2879, 2880)
(2879, 2881)
(2906, 2907)
(2921, 2922)
(2921, 2923)
(2924, 2925)
(2924, 2926)
(2939, 2940)
(2939, 2941)
(2945, 2946)
(2945, 2947)
(2969, 2970)
(2969, 2971)
(2981, 2982)
(2981, 2983)
(3007, 3008)
(2690, 4291)
(2694, 4294)
(2698, 2699)
(2698, 2700)
(2733, 2909)
(2764, 2765)
(2764, 2766)
(2770, 2771)
(2770, 2772)
(2785, 2786)
(2785, 2787)
(2820, 2997)
(2822, 2997)
(2848, 3556)
(2855, 2856)
(2855, 4459)
(2858, 2859)
(2858, 2860)
(2861, 2862)
(2861, 4465)
(2909, 2910)
(2912, 2913)
(2912, 2914)
(2915, 2916)
(2915, 2917)
(2918, 2919)
(2918, 2920)
(2951, 2952)
(2951, 2953)
(2984, 2985)
(2984, 2986)
(2997, 2999)
(2997, 3001)
(3010, 4609)
(3017, 3018)
(3017, 3019)
(3017, 3020)
(3017, 3021)
(4291, 4293)
(4297, 4298)
(4297, 4299)
(4426, 4427)
(4426, 4428)
(4426, 4429)
(4426, 4608)
(4454, 4455)
(4454, 4456)
(4481, 4482)
(4481, 4483)
(4526, 4527)
(4526, 4528)
(4571, 4572)
(4571, 4573)
(4609, 4610)
(4300, 4301)
(4300, 4302)
(4332, 4508)
(4335, 4511)
(4366, 4367)
(4366, 4368)
(4372, 4373)
(4372, 4374)
(4387, 4388)
(4387, 4389)
(4422, 4599)
(4424, 4599)
(4457, 4458)
(4460, 4461)
(4460, 4462)
(4463, 4464)
(4508, 4509)
(4511, 4512)
(4514, 4515)
(4514, 4516)
(4517, 4518)
(4517, 4519)
(4520, 4521)
(4520, 4522)
(4523, 4524)
(4523, 4525)
(4541, 4542)
(4541, 4543)
(4547, 4548)
(4547, 4549)
(4553, 4554)
(4553, 4555)
(4583, 4584)
(4583, 4585)
(4586, 4587)
(4586, 4588)
(4599, 4601)
(4599, 4603)
(4619, 4620)
(4619, 4621)
(4619, 4622)
(4619, 4623)
(197, 199)
(197, 3402)
(200, 201)
(200, 3406)
(212, 213)
(212, 1282)
(221, 222)
(221, 223)
(231, 408)
(233, 412)
(233, 413)
(241, 417)
(257, 258)
(257, 259)
(263, 264)
(263, 265)
(266, 267)
(266, 268)
(272, 273)
(272, 274)
(278, 279)
(278, 280)
(284, 285)
(284, 286)
(290, 291)
(290, 292)
(296, 297)
(296, 298)
(305, 306)
(305, 307)
(308, 309)
(308, 310)
(322, 323)
(322, 324)
(322, 325)
(322, 1394)
(330, 505)
(332, 333)
(332, 334)
(332, 335)
(332, 514)
(342, 343)
(342, 346)
(342, 3548)
(342, 3549)
(353, 530)
(357, 358)
(357, 359)
(360, 361)
(360, 362)
(371, 3573)
(405, 406)
(405, 407)
(408, 410)
(447, 448)
(447, 449)
(453, 454)
(453, 455)
(495, 496)
(495, 497)
(495, 1566)
(495, 1567)
(505, 507)
(505, 509)
(530, 3559)
(530, 3736)
(530, 4628)
(194, 195)
(194, 196)
(198, 1799)
(202, 1802)
(206, 207)
(206, 208)
(224, 225)
(224, 1294)
(260, 261)
(260, 262)
(328, 505)
(341, 1939)
(344, 1944)
(355, 2132)
(369, 370)
(369, 1973)
(480, 481)
(480, 482)
(532, 2132)
(1799, 1801)
(1802, 1803)
(1814, 1815)
(1814, 2884)
(1865, 1866)
(1865, 1867)
(1868, 1869)
(1868, 1870)
(1892, 1893)
(1892, 1894)
(1898, 1899)
(1898, 1900)
(1907, 1908)
(1907, 1909)
(1934, 1935)
(1934, 1936)
(1934, 1937)
(1934, 2116)
(1944, 1945)
(1944, 1948)
(1955, 2132)
(1959, 1960)
(1959, 1961)
(1962, 1963)
(1962, 1964)
(2007, 2008)
(2007, 2009)
(2010, 2012)
(2049, 2050)
(2049, 2051)
(2055, 2056)
(2055, 2057)
(2097, 2098)
(2097, 2099)
(2097, 3168)
(2097, 3169)
(1796, 1797)
(1796, 1798)
(1800, 3401)
(1804, 3404)
(1808, 1809)
(1808, 1810)
(1823, 1824)
(1823, 1825)
(1826, 1827)
(1826, 2896)
(1833, 2010)
(1835, 2014)
(1835, 2015)
(1843, 2019)
(1859, 1860)
(1859, 1861)
(1862, 1863)
(1862, 1864)
(1874, 1875)
(1874, 1876)
(1880, 1881)
(1880, 1882)
(1886, 1887)
(1886, 1888)
(1910, 1911)
(1910, 1912)
(1924, 1925)
(1924, 1926)
(1924, 1927)
(1924, 2996)
(1930, 2107)
(1932, 2107)
(1943, 3541)
(1946, 3546)
(1957, 3734)
(1971, 1972)
(1971, 3575)
(2082, 2083)
(2082, 2084)
(2107, 2109)
(2107, 2111)
(2134, 3734)
(3401, 3403)
(3404, 3405)
(3416, 3417)
(3416, 4486)
(3470, 3471)
(3470, 3472)
(3500, 3501)
(3500, 3502)
(3536, 3537)
(3536, 3538)
(3536, 3539)
(3536, 3718)
(3546, 3547)
(3546, 3550)
(3557, 3734)
(3561, 3562)
(3561, 3563)
(3564, 3565)
(3564, 3566)
(3398, 3399)
(3398, 3400)
(3410, 3411)
(3410, 3412)
(3425, 3426)
(3425, 3427)
(3428, 3429)
(3428, 4498)
(3435, 3612)
(3437, 3616)
(3437, 3617)
(3445, 3621)
(3461, 3462)
(3461, 3463)
(3464, 3465)
(3464, 3466)
(3467, 3468)
(3467, 3469)
(3476, 3477)
(3476, 3478)
(3482, 3483)
(3482, 3484)
(3488, 3489)
(3488, 3490)
(3494, 3495)
(3494, 3496)
(3509, 3510)
(3509, 3511)
(3512, 3513)
(3512, 3514)
(3526, 3527)
(3526, 3528)
(3526, 3529)
(3526, 4598)
(3532, 3709)
(3534, 3709)
(3573, 3574)
(3609, 3610)
(3609, 3611)
(3612, 3614)
(3651, 3652)
(3651, 3653)
(3657, 3658)
(3657, 3659)
(3684, 3685)
(3684, 3686)
(3699, 3700)
(3699, 3701)
(3699, 4770)
(3699, 4771)
(3709, 3711)
(3709, 3713)
(203, 204)
(203, 205)
(214, 746)
(215, 216)
(215, 217)
(238, 414)
(287, 288)
(287, 289)
(326, 856)
(414, 415)
(417, 418)
(420, 421)
(420, 422)
(477, 478)
(477, 479)
(498, 1029)
(731, 733)
(731, 3936)
(746, 747)
(755, 756)
(755, 757)
(765, 942)
(767, 946)
(767, 947)
(791, 792)
(791, 793)
(812, 813)
(812, 814)
(818, 819)
(818, 820)
(824, 825)
(824, 826)
(830, 831)
(830, 832)
(839, 840)
(839, 841)
(856, 857)
(856, 858)
(856, 859)
(864, 1039)
(876, 877)
(876, 880)
(876, 4082)
(876, 4083)
(887, 1064)
(891, 892)
(891, 893)
(894, 895)
(894, 896)
(939, 940)
(939, 941)
(942, 944)
(987, 988)
(987, 989)
(1029, 1030)
(1029, 1031)
(1064, 3560)
(1064, 4093)
(1064, 4270)
(226, 758)
(293, 294)
(293, 295)
(339, 1939)
(356, 2666)
(366, 367)
(366, 368)
(728, 729)
(728, 730)
(732, 2333)
(758, 759)
(878, 2478)
(889, 2666)
(1014, 1015)
(1014, 1016)
(1066, 2666)
(1805, 1806)
(1805, 1807)
(1816, 2348)
(1817, 1818)
(1817, 1819)
(1840, 2016)
(1889, 1890)
(1889, 1891)
(1928, 2458)
(2016, 2017)
(2079, 2080)
(2079, 2081)
(2100, 2631)
(2333, 2335)
(2348, 2349)
(2426, 2427)
(2426, 2428)
(2432, 2433)
(2432, 2434)
(2441, 2442)
(2441, 2443)
(2478, 2479)
(2478, 2482)
(2489, 2666)
(2493, 2494)
(2493, 2495)
(2496, 2497)
(2496, 2498)
(2541, 2542)
(2541, 2543)
(2544, 2546)
(2589, 2590)
(2589, 2591)
(2631, 2632)
(2631, 2633)
(1828, 2360)
(1895, 1896)
(1895, 1897)
(1941, 3541)
(1958, 4268)
(1968, 1969)
(1968, 1970)
(2019, 2020)
(2022, 2023)
(2022, 2024)
(2330, 2331)
(2330, 2332)
(2334, 3935)
(2357, 2358)
(2357, 2359)
(2360, 2361)
(2367, 2544)
(2369, 2548)
(2369, 2549)
(2393, 2394)
(2393, 2395)
(2414, 2415)
(2414, 2416)
(2420, 2421)
(2420, 2422)
(2458, 2459)
(2458, 2460)
(2458, 2461)
(2466, 2641)
(2480, 4080)
(2491, 4268)
(2616, 2617)
(2616, 2618)
(2668, 4268)
(3407, 3408)
(3407, 3409)
(3419, 3420)
(3419, 3421)
(3681, 3682)
(3681, 3683)
(3935, 3937)
(3950, 3951)
(4034, 4035)
(4034, 4036)
(4080, 4081)
(4080, 4084)
(4091, 4268)
(4095, 4096)
(4095, 4097)
(4098, 4099)
(4098, 4100)
(3418, 3950)
(3430, 3962)
(3442, 3618)
(3491, 3492)
(3491, 3493)
(3497, 3498)
(3497, 3499)
(3530, 4060)
(3570, 3571)
(3570, 3572)
(3618, 3619)
(3621, 3622)
(3624, 3625)
(3624, 3626)
(3702, 4233)
(3932, 3933)
(3932, 3934)
(3959, 3960)
(3959, 3961)
(3962, 3963)
(3969, 4146)
(3971, 4150)
(3971, 4151)
(3995, 3996)
(3995, 3997)
(4016, 4017)
(4016, 4018)
(4022, 4023)
(4022, 4024)
(4028, 4029)
(4028, 4030)
(4043, 4044)
(4043, 4045)
(4060, 4061)
(4060, 4062)
(4060, 4063)
(4068, 4243)
(4143, 4144)
(4143, 4145)
(4146, 4148)
(4191, 4192)
(4191, 4193)
(4218, 4219)
(4218, 4220)
(4233, 4234)
(4233, 4235)
(734, 735)
(734, 3940)
(737, 738)
(737, 739)
(748, 1280)
(749, 750)
(749, 751)
(772, 948)
(775, 951)
(797, 798)
(797, 799)
(800, 801)
(800, 802)
(806, 807)
(806, 808)
(821, 822)
(821, 823)
(842, 843)
(842, 844)
(860, 1390)
(866, 867)
(866, 868)
(866, 869)
(866, 1048)
(905, 4107)
(948, 949)
(951, 952)
(954, 955)
(954, 956)
(981, 982)
(981, 983)
(1011, 1012)
(1011, 1013)
(1032, 1563)
(1039, 1041)
(1039, 1043)
(1280, 1281)
(1289, 1290)
(1289, 1291)
(1299, 1476)
(1301, 1480)
(1301, 1481)
(1352, 1353)
(1352, 1354)
(1358, 1359)
(1358, 1360)
(1364, 1365)
(1364, 1366)
(1390, 1391)
(1390, 1392)
(1390, 1393)
(1421, 1598)
(1425, 1426)
(1425, 1427)
(1473, 1474)
(1473, 1475)
(1476, 1478)
(1563, 1564)
(1563, 1565)
(1598, 4094)
(1598, 4627)
(1598, 4804)
(736, 2336)
(740, 741)
(740, 742)
(760, 1292)
(794, 795)
(794, 796)
(827, 828)
(827, 829)
(862, 1039)
(873, 2473)
(875, 2473)
(890, 3200)
(900, 901)
(900, 902)
(903, 904)
(903, 2507)
(1262, 1263)
(1262, 1264)
(1292, 1293)
(1423, 3200)
(1548, 1549)
(1548, 1550)
(1600, 3200)
(2336, 2337)
(2339, 2340)
(2339, 2341)
(2350, 2882)
(2351, 2352)
(2351, 2353)
(2374, 2550)
(2399, 2400)
(2399, 2401)
(2402, 2403)
(2402, 2404)
(2423, 2424)
(2423, 2425)
(2462, 2992)
(2468, 2469)
(2468, 2470)
(2468, 2471)
(2468, 2650)
(2550, 2551)
(2583, 2584)
(2583, 2585)
(2613, 2614)
(2613, 2615)
(2634, 3165)
(2882, 2883)
(2960, 2961)
(2960, 2962)
(2966, 2967)
(2966, 2968)
(3023, 3200)
(3027, 3028)
(3027, 3029)
(3075, 3076)
(3075, 3077)
(3078, 3080)
(3165, 3166)
(3165, 3167)
(2338, 3938)
(2342, 2343)
(2342, 2344)
(2362, 2894)
(2377, 2553)
(2396, 2397)
(2396, 2398)
(2408, 2409)
(2408, 2410)
(2429, 2430)
(2429, 2431)
(2444, 2445)
(2444, 2446)
(2464, 2641)
(2475, 4075)
(2477, 4075)
(2492, 4802)
(2502, 2503)
(2502, 2504)
(2505, 2506)
(2505, 4109)
(2553, 2554)
(2556, 2557)
(2556, 2558)
(2641, 2643)
(2641, 2645)
(2864, 2865)
(2864, 2866)
(2891, 2892)
(2891, 2893)
(2894, 2895)
(2901, 3078)
(2903, 3082)
(2903, 3083)
(2954, 2955)
(2954, 2956)
(2992, 2993)
(2992, 2994)
(2992, 2995)
(3025, 4802)
(3150, 3151)
(3150, 3152)
(3202, 4802)
(3938, 3939)
(3941, 3942)
(3941, 3943)
(3953, 3954)
(3953, 3955)
(4004, 4005)
(4004, 4006)
(4070, 4071)
(4070, 4072)
(4070, 4073)
(4070, 4252)
(4215, 4216)
(4215, 4217)
(4484, 4485)
(4568, 4569)
(4568, 4570)
(4625, 4802)
(4629, 4630)
(4629, 4631)
(3944, 3945)
(3944, 3946)
(3952, 4484)
(3964, 4496)
(3976, 4152)
(3979, 4155)
(3998, 3999)
(3998, 4000)
(4001, 4002)
(4001, 4003)
(4010, 4011)
(4010, 4012)
(4025, 4026)
(4025, 4027)
(4031, 4032)
(4031, 4033)
(4046, 4047)
(4046, 4048)
(4064, 4594)
(4066, 4243)
(4104, 4105)
(4104, 4106)
(4107, 4108)
(4152, 4153)
(4155, 4156)
(4158, 4159)
(4158, 4160)
(4185, 4186)
(4185, 4187)
(4236, 4767)
(4243, 4245)
(4243, 4247)
(4466, 4467)
(4466, 4468)
(4493, 4494)
(4493, 4495)
(4496, 4497)
(4503, 4680)
(4505, 4684)
(4505, 4685)
(4556, 4557)
(4556, 4558)
(4562, 4563)
(4562, 4564)
(4594, 4595)
(4594, 4596)
(4594, 4597)
(4677, 4678)
(4677, 4679)
(4680, 4682)
(4752, 4753)
(4752, 4754)
(4767, 4768)
(4767, 4769)
(1265, 1267)
(1265, 4470)
(1268, 1269)
(1268, 4474)
(1271, 1272)
(1271, 1273)
(1283, 1284)
(1283, 1285)
(1306, 1482)
(1309, 1485)
(1325, 1326)
(1325, 1327)
(1331, 1332)
(1331, 1333)
(1334, 1335)
(1334, 1336)
(1340, 1341)
(1340, 1342)
(1346, 1347)
(1346, 1348)
(1355, 1356)
(1355, 1357)
(1373, 1374)
(1373, 1375)
(1376, 1377)
(1376, 1378)
(1398, 1573)
(1400, 1401)
(1400, 1402)
(1400, 1403)
(1400, 1582)
(1410, 1411)
(1410, 1414)
(1410, 4616)
(1410, 4617)
(1428, 1429)
(1428, 1430)
(1439, 4641)
(1482, 1483)
(1485, 1486)
(1488, 1489)
(1488, 1490)
(1515, 1516)
(1515, 1517)
(1521, 1522)
(1521, 1523)
(1545, 1546)
(1545, 1547)
(1573, 1575)
(1573, 1577)
(1266, 2867)
(1270, 2870)
(1274, 1275)
(1274, 1276)
(1328, 1329)
(1328, 1330)
(1361, 1362)
(1361, 1363)
(1396, 1573)
(1407, 3007)
(1409, 3007)
(1412, 3012)
(1424, 2132)
(1434, 1435)
(1434, 1436)
(1437, 1438)
(1437, 3041)
(2867, 2869)
(2870, 2871)
(2873, 2874)
(2873, 2875)
(2885, 2886)
(2885, 2887)
(2908, 3084)
(2933, 2934)
(2933, 2935)
(2936, 2937)
(2936, 2938)
(2957, 2958)
(2957, 2959)
(2975, 2976)
(2975, 2977)
(3002, 3003)
(3002, 3004)
(3002, 3005)
(3002, 3184)
(3012, 3013)
(3012, 3016)
(3030, 3031)
(3030, 3032)
(3084, 3085)
(3117, 3118)
(3117, 3119)
(3123, 3124)
(3123, 3125)
(3147, 3148)
(3147, 3149)
(2868, 4469)
(2872, 4472)
(2876, 2877)
(2876, 2878)
(2911, 3087)
(2927, 2928)
(2927, 2929)
(2930, 2931)
(2930, 2932)
(2942, 2943)
(2942, 2944)
(2948, 2949)
(2948, 2950)
(2963, 2964)
(2963, 2965)
(2978, 2979)
(2978, 2980)
(2998, 3175)
(3000, 3175)
(3009, 4609)
(3011, 4609)
(3014, 4614)
(3026, 3734)
(3036, 3037)
(3036, 3038)
(3039, 3040)
(3039, 4643)
(3087, 3088)
(3090, 3091)
(3090, 3092)
(3175, 3177)
(3175, 3179)
(4469, 4471)
(4472, 4473)
(4475, 4476)
(4475, 4477)
(4487, 4488)
(4487, 4489)
(4538, 4539)
(4538, 4540)
(4604, 4605)
(4604, 4606)
(4604, 4607)
(4604, 4786)
(4614, 4615)
(4614, 4618)
(4632, 4633)
(4632, 4634)
(4749, 4750)
(4749, 4751)
(4478, 4479)
(4478, 4480)
(4510, 4686)
(4513, 4689)
(4529, 4530)
(4529, 4531)
(4532, 4533)
(4532, 4534)
(4535, 4536)
(4535, 4537)
(4544, 4545)
(4544, 4546)
(4550, 4551)
(4550, 4552)
(4559, 4560)
(4559, 4561)
(4565, 4566)
(4565, 4567)
(4577, 4578)
(4577, 4579)
(4580, 4581)
(4580, 4582)
(4600, 4777)
(4602, 4777)
(4638, 4639)
(4638, 4640)
(4641, 4642)
(4686, 4687)
(4689, 4690)
(4692, 4693)
(4692, 4694)
(4719, 4720)
(4719, 4721)
(4725, 4726)
(4725, 4727)
(4777, 4779)
(4777, 4781)
(365, 3567)
(375, 377)
(375, 3580)
(378, 379)
(378, 3584)
(390, 391)
(390, 1460)
(399, 400)
(399, 401)
(423, 424)
(423, 425)
(429, 430)
(429, 431)
(432, 433)
(432, 434)
(435, 436)
(435, 437)
(441, 442)
(441, 443)
(444, 445)
(444, 446)
(450, 451)
(450, 452)
(456, 457)
(456, 458)
(462, 463)
(462, 464)
(468, 469)
(468, 470)
(474, 475)
(474, 476)
(483, 484)
(483, 485)
(486, 487)
(486, 488)
(489, 490)
(489, 491)
(492, 493)
(492, 494)
(500, 501)
(500, 502)
(500, 503)
(500, 1572)
(510, 511)
(510, 512)
(510, 513)
(520, 521)
(520, 524)
(520, 3726)
(520, 3727)
(525, 526)
(525, 527)
(525, 528)
(525, 529)
(363, 364)
(363, 1967)
(372, 373)
(372, 374)
(376, 1977)
(380, 1980)
(384, 385)
(384, 386)
(396, 398)
(396, 1465)
(402, 403)
(402, 1472)
(426, 427)
(426, 428)
(438, 439)
(438, 440)
(518, 2117)
(519, 2117)
(522, 2122)
(523, 2122)
(533, 1776)
(1977, 1979)
(1980, 1981)
(1992, 1993)
(1992, 3062)
(2031, 2032)
(2031, 2033)
(2034, 2035)
(2034, 2036)
(2043, 2044)
(2043, 2045)
(2046, 2047)
(2046, 2048)
(2070, 2071)
(2070, 2072)
(2076, 2077)
(2076, 2078)
(2085, 2086)
(2085, 2087)
(2091, 2092)
(2091, 2093)
(2112, 2113)
(2112, 2114)
(2112, 2115)
(2122, 2123)
(2122, 2126)
(1965, 1966)
(1965, 3569)
(1974, 1975)
(1974, 1976)
(1978, 3579)
(1982, 3582)
(1986, 1987)
(1986, 1988)
(1998, 2000)
(1998, 3067)
(2001, 2002)
(2001, 2003)
(2004, 2005)
(2004, 3074)
(2025, 2026)
(2025, 2027)
(2028, 2029)
(2028, 2030)
(2037, 2038)
(2037, 2039)
(2040, 2041)
(2040, 2042)
(2052, 2053)
(2052, 2054)
(2058, 2059)
(2058, 2060)
(2064, 2065)
(2064, 2066)
(2088, 2089)
(2088, 2090)
(2094, 2095)
(2094, 2096)
(2102, 2103)
(2102, 2104)
(2102, 2105)
(2102, 3174)
(2120, 3719)
(2121, 3719)
(2124, 3724)
(2125, 3724)
(2127, 2128)
(2127, 2129)
(2127, 2130)
(2127, 2131)
(2135, 3378)
(3579, 3581)
(3582, 3583)
(3594, 3595)
(3594, 4664)
(3636, 3637)
(3636, 3638)
(3648, 3649)
(3648, 3650)
(3678, 3679)
(3678, 3680)
(3714, 3715)
(3714, 3716)
(3714, 3717)
(3724, 3725)
(3724, 3728)
(3567, 3568)
(3576, 3577)
(3576, 3578)
(3588, 3589)
(3588, 3590)
(3600, 3602)
(3600, 4669)
(3603, 3604)
(3603, 3605)
(3606, 3607)
(3606, 4676)
(3627, 3628)
(3627, 3629)
(3630, 3631)
(3630, 3632)
(3633, 3634)
(3633, 3635)
(3639, 3640)
(3639, 3641)
(3642, 3643)
(3642, 3644)
(3645, 3646)
(3645, 3647)
(3654, 3655)
(3654, 3656)
(3660, 3661)
(3660, 3662)
(3666, 3667)
(3666, 3668)
(3672, 3673)
(3672, 3674)
(3687, 3688)
(3687, 3689)
(3690, 3691)
(3690, 3692)
(3693, 3694)
(3693, 3695)
(3696, 3697)
(3696, 3698)
(3704, 3705)
(3704, 3706)
(3704, 3707)
(3704, 4776)
(3729, 3730)
(3729, 3731)
(3729, 3732)
(3729, 3733)
(381, 382)
(381, 383)
(387, 388)
(387, 389)
(392, 924)
(393, 394)
(393, 395)
(459, 460)
(459, 461)
(465, 466)
(465, 467)
(499, 1029)
(504, 1034)
(515, 516)
(515, 3721)
(515, 3722)
(515, 3723)
(909, 911)
(909, 4114)
(924, 925)
(933, 934)
(933, 935)
(963, 964)
(963, 965)
(969, 970)
(969, 971)
(990, 991)
(990, 992)
(996, 997)
(996, 998)
(1002, 1003)
(1002, 1004)
(1008, 1009)
(1008, 1010)
(1017, 1018)
(1017, 1019)
(1026, 1027)
(1026, 1028)
(1034, 1035)
(1034, 1036)
(1034, 1037)
(1054, 1055)
(1054, 1058)
(1054, 4260)
(1054, 4261)
(397, 930)
(404, 936)
(471, 472)
(471, 473)
(517, 2117)
(534, 2310)
(906, 907)
(906, 908)
(910, 2511)
(930, 932)
(936, 937)
(1056, 2656)
(1057, 2656)
(1067, 2310)
(1983, 1984)
(1983, 1985)
(1989, 1990)
(1989, 1991)
(1994, 2526)
(1995, 1996)
(1995, 1997)
(2067, 2068)
(2067, 2069)
(2106, 2636)
(2117, 2118)
(2511, 2513)
(2526, 2527)
(2565, 2566)
(2565, 2567)
(2604, 2605)
(2604, 2606)
(2610, 2611)
(2610, 2612)
(2619, 2620)
(2619, 2621)
(2656, 2657)
(2656, 2660)
(1999, 2532)
(2006, 2538)
(2061, 2062)
(2061, 2063)
(2073, 2074)
(2073, 2075)
(2101, 2631)
(2119, 3719)
(2136, 3912)
(2508, 2509)
(2508, 2510)
(2512, 4113)
(2532, 2534)
(2535, 2536)
(2535, 2537)
(2538, 2539)
(2571, 2572)
(2571, 2573)
(2592, 2593)
(2592, 2594)
(2598, 2599)
(2598, 2600)
(2628, 2629)
(2628, 2630)
(2636, 2637)
(2636, 2638)
(2636, 2639)
(2658, 4258)
(2659, 4258)
(2669, 3912)
(3585, 3586)
(3585, 3587)
(3591, 3592)
(3591, 3593)
(3597, 3598)
(3597, 3599)
(3719, 3720)
(4113, 4115)
(4128, 4129)
(4212, 4213)
(4212, 4214)
(4258, 4259)
(4258, 4262)
(3596, 4128)
(3601, 4134)
(3608, 4140)
(3663, 3664)
(3663, 3665)
(3669, 3670)
(3669, 3671)
(3675, 3676)
(3675, 3677)
(3703, 4233)
(3708, 4238)
(4110, 4111)
(4110, 4112)
(4134, 4136)
(4137, 4138)
(4137, 4139)
(4140, 4141)
(4167, 4168)
(4167, 4169)
(4173, 4174)
(4173, 4175)
(4194, 4195)
(4194, 4196)
(4200, 4201)
(4200, 4202)
(4206, 4207)
(4206, 4208)
(4221, 4222)
(4221, 4223)
(4230, 4231)
(4230, 4232)
(4238, 4239)
(4238, 4240)
(4238, 4241)
(899, 4101)
(912, 913)
(912, 4118)
(915, 916)
(915, 917)
(921, 922)
(921, 923)
(926, 1458)
(927, 928)
(927, 929)
(957, 958)
(957, 959)
(966, 967)
(966, 968)
(975, 976)
(975, 977)
(978, 979)
(978, 980)
(984, 985)
(984, 986)
(993, 994)
(993, 995)
(999, 1000)
(999, 1001)
(1020, 1021)
(1020, 1022)
(1023, 1024)
(1023, 1025)
(1033, 1563)
(1038, 1568)
(1044, 1045)
(1044, 1046)
(1044, 1047)
(1049, 1050)
(1049, 4255)
(1049, 4256)
(1049, 4257)
(1059, 1060)
(1059, 1061)
(1059, 1062)
(1059, 1063)
(1458, 1459)
(1467, 1468)
(1467, 1469)
(1530, 1531)
(1530, 1532)
(1536, 1537)
(1536, 1538)
(1542, 1543)
(1542, 1544)
(1568, 1569)
(1568, 1570)
(1568, 1571)
(897, 898)
(897, 2501)
(914, 2514)
(918, 919)
(918, 920)
(931, 1464)
(938, 1470)
(960, 961)
(960, 962)
(972, 973)
(972, 974)
(1005, 1006)
(1005, 1007)
(1051, 2651)
(1052, 2651)
(1053, 2651)
(1068, 2844)
(1440, 1441)
(1440, 1442)
(1464, 1466)
(1470, 1471)
(1591, 3190)
(1601, 2844)
(2514, 2515)
(2517, 2518)
(2517, 2519)
(2523, 2524)
(2523, 2525)
(2528, 3060)
(2529, 2530)
(2529, 2531)
(2568, 2569)
(2568, 2570)
(2577, 2578)
(2577, 2579)
(2580, 2581)
(2580, 2582)
(2601, 2602)
(2601, 2603)
(2625, 2626)
(2625, 2627)
(2640, 3170)
(2646, 2647)
(2646, 2648)
(2646, 2649)
(2651, 2652)
(3060, 3061)
(3138, 3139)
(3138, 3140)
(3144, 3145)
(3144, 3146)
(2499, 2500)
(2499, 4103)
(2516, 4116)
(2520, 2521)
(2520, 2522)
(2533, 3066)
(2540, 3072)
(2559, 2560)
(2559, 2561)
(2562, 2563)
(2562, 2564)
(2574, 2575)
(2574, 2576)
(2586, 2587)
(2586, 2588)
(2595, 2596)
(2595, 2597)
(2607, 2608)
(2607, 2609)
(2622, 2623)
(2622, 2624)
(2635, 3165)
(2653, 4253)
(2654, 4253)
(2655, 4253)
(2661, 2662)
(2661, 2663)
(2661, 2664)
(2661, 2665)
(2670, 4446)
(3042, 3043)
(3042, 3044)
(3066, 3068)
(3069, 3070)
(3069, 3071)
(3072, 3073)
(3132, 3133)
(3132, 3134)
(3170, 3171)
(3170, 3172)
(3170, 3173)
(3193, 4792)
(3203, 4446)
(4116, 4117)
(4119, 4120)
(4119, 4121)
(4125, 4126)
(4125, 4127)
(4131, 4132)
(4131, 4133)
(4170, 4171)
(4170, 4172)
(4182, 4183)
(4182, 4184)
(4248, 4249)
(4248, 4250)
(4248, 4251)
(4253, 4254)
(4662, 4663)
(4746, 4747)
(4746, 4748)
(4101, 4102)
(4122, 4123)
(4122, 4124)
(4130, 4662)
(4135, 4668)
(4142, 4674)
(4161, 4162)
(4161, 4163)
(4164, 4165)
(4164, 4166)
(4176, 4177)
(4176, 4178)
(4179, 4180)
(4179, 4181)
(4188, 4189)
(4188, 4190)
(4197, 4198)
(4197, 4199)
(4203, 4204)
(4203, 4205)
(4209, 4210)
(4209, 4211)
(4224, 4225)
(4224, 4226)
(4227, 4228)
(4227, 4229)
(4237, 4767)
(4242, 4772)
(4263, 4264)
(4263, 4265)
(4263, 4266)
(4263, 4267)
(4644, 4645)
(4644, 4646)
(4668, 4670)
(4671, 4672)
(4671, 4673)
(4674, 4675)
(4734, 4735)
(4734, 4736)
(4740, 4741)
(4740, 4742)
(4772, 4773)
(4772, 4774)
(4772, 4775)
(1433, 4635)
(1443, 1445)
(1443, 4648)
(1446, 1447)
(1446, 4652)
(1449, 1450)
(1449, 1451)
(1455, 1456)
(1455, 1457)
(1461, 1462)
(1461, 1463)
(1491, 1492)
(1491, 1493)
(1497, 1498)
(1497, 1499)
(1500, 1501)
(1500, 1502)
(1503, 1504)
(1503, 1505)
(1509, 1510)
(1509, 1511)
(1512, 1513)
(1512, 1514)
(1518, 1519)
(1518, 1520)
(1524, 1525)
(1524, 1526)
(1527, 1528)
(1527, 1529)
(1533, 1534)
(1533, 1535)
(1551, 1552)
(1551, 1553)
(1554, 1555)
(1554, 1556)
(1557, 1558)
(1557, 1559)
(1560, 1561)
(1560, 1562)
(1578, 1579)
(1578, 1580)
(1578, 1581)
(1583, 1584)
(1583, 4789)
(1583, 4790)
(1583, 4791)
(1588, 1589)
(1588, 1592)
(1588, 4794)
(1588, 4795)
(1593, 1594)
(1593, 1595)
(1593, 1596)
(1593, 1597)
(1431, 1432)
(1431, 3035)
(1444, 3045)
(1448, 3048)
(1452, 1453)
(1452, 1454)
(1494, 1495)
(1494, 1496)
(1506, 1507)
(1506, 1508)
(1539, 1540)
(1539, 1541)
(1585, 3185)
(1586, 3185)
(1587, 3185)
(1590, 3190)
(1602, 1776)
(3045, 3047)
(3048, 3049)
(3051, 3052)
(3051, 3053)
(3057, 3058)
(3057, 3059)
(3063, 3064)
(3063, 3065)
(3099, 3100)
(3099, 3101)
(3102, 3103)
(3102, 3104)
(3111, 3112)
(3111, 3113)
(3114, 3115)
(3114, 3116)
(3135, 3136)
(3135, 3137)
(3153, 3154)
(3153, 3155)
(3159, 3160)
(3159, 3161)
(3180, 3181)
(3180, 3182)
(3180, 3183)
(3185, 3186)
(3190, 3191)
(3190, 3194)
(3033, 3034)
(3033, 4637)
(3046, 4647)
(3050, 4650)
(3054, 3055)
(3054, 3056)
(3093, 3094)
(3093, 3095)
(3096, 3097)
(3096, 3098)
(3105, 3106)
(3105, 3107)
(3108, 3109)
(3108, 3110)
(3120, 3121)
(3120, 3122)
(3126, 3127)
(3126, 3128)
(3129, 3130)
(3129, 3131)
(3141, 3142)
(3141, 3143)
(3156, 3157)
(3156, 3158)
(3162, 3163)
(3162, 3164)
(3187, 4787)
(3188, 4787)
(3189, 4787)
(3192, 4792)
(3195, 3196)
(3195, 3197)
(3195, 3198)
(3195, 3199)
(3204, 3378)
(4647, 4649)
(4650, 4651)
(4653, 4654)
(4653, 4655)
(4659, 4660)
(4659, 4661)
(4665, 4666)
(4665, 4667)
(4704, 4705)
(4704, 4706)
(4716, 4717)
(4716, 4718)
(4782, 4783)
(4782, 4784)
(4782, 4785)
(4787, 4788)
(4792, 4793)
(4792, 4796)
(4635, 4636)
(4656, 4657)
(4656, 4658)
(4695, 4696)
(4695, 4697)
(4698, 4699)
(4698, 4700)
(4701, 4702)
(4701, 4703)
(4707, 4708)
(4707, 4709)
(4710, 4711)
(4710, 4712)
(4713, 4714)
(4713, 4715)
(4722, 4723)
(4722, 4724)
(4728, 4729)
(4728, 4730)
(4731, 4732)
(4731, 4733)
(4737, 4738)
(4737, 4739)
(4743, 4744)
(4743, 4745)
(4755, 4756)
(4755, 4757)
(4758, 4759)
(4758, 4760)
(4761, 4762)
(4761, 4763)
(4764, 4765)
(4764, 4766)
(4797, 4798)
(4797, 4799)
(4797, 4800)
(4797, 4801)
(1, 2)
(1, 3)
(4, 5)
(4, 6)
(9, 3211)
(15, 3217)
(22, 23)
(22, 3228)
(34, 35)
(34, 1104)
(43, 44)
(43, 45)
(49, 50)
(49, 51)
(52, 54)
(52, 409)
(56, 411)
(57, 411)
(67, 68)
(67, 69)
(73, 74)
(73, 75)
(76, 77)
(76, 78)
(79, 80)
(79, 81)
(85, 86)
(85, 87)
(88, 89)
(88, 90)
(91, 92)
(91, 93)
(97, 98)
(97, 99)
(106, 107)
(106, 108)
(112, 113)
(112, 114)
(127, 128)
(127, 129)
(130, 131)
(130, 132)
(133, 134)
(133, 135)
(136, 137)
(136, 138)
(139, 140)
(139, 141)
(139, 1210)
(139, 1211)
(149, 151)
(149, 153)
(149, 506)
(149, 508)
(158, 510)
(164, 165)
(164, 168)
(164, 3370)
(164, 3371)
(169, 170)
(169, 171)
(169, 172)
(169, 173)
(174, 531)
(174, 3380)
(174, 3737)
(174, 4806)
(7, 8)
(7, 1611)
(13, 14)
(13, 1617)
(40, 42)
(40, 1109)
(46, 47)
(46, 1116)
(70, 71)
(70, 72)
(82, 83)
(82, 84)
(124, 125)
(124, 126)
(162, 1761)
(163, 1761)
(166, 1766)
(167, 1766)
(176, 1776)
(1603, 1604)
(1603, 1605)
(1606, 1607)
(1606, 1608)
(1624, 1625)
(1636, 1637)
(1636, 2706)
(1651, 1652)
(1651, 1653)
(1654, 1656)
(1654, 2011)
(1675, 1676)
(1675, 1677)
(1678, 1679)
(1678, 1680)
(1687, 1688)
(1687, 1689)
(1690, 1691)
(1690, 1692)
(1693, 1694)
(1693, 1695)
(1699, 1700)
(1699, 1701)
(1714, 1715)
(1714, 1716)
(1729, 1730)
(1729, 1731)
(1735, 1736)
(1735, 1737)
(1741, 1742)
(1741, 1743)
(1741, 2812)
(1741, 2813)
(1760, 2112)
(1766, 1767)
(1766, 1770)
(1776, 2133)
(1609, 1610)
(1609, 3213)
(1615, 1616)
(1615, 3219)
(1642, 1644)
(1642, 2711)
(1645, 1646)
(1645, 1647)
(1648, 1649)
(1648, 2718)
(1658, 2013)
(1659, 2013)
(1669, 1670)
(1669, 1671)
(1672, 1673)
(1672, 1674)
(1681, 1682)
(1681, 1683)
(1684, 1685)
(1684, 1686)
(1708, 1709)
(1708, 1710)
(1726, 1727)
(1726, 1728)
(1732, 1733)
(1732, 1734)
(1738, 1739)
(1738, 1740)
(1751, 1753)
(1751, 1755)
(1751, 2108)
(1751, 2110)
(1764, 3363)
(1765, 3363)
(1768, 3368)
(1769, 3368)
(1771, 1772)
(1771, 1773)
(1771, 1774)
(1771, 1775)
(1778, 3378)
(3205, 3206)
(3205, 3207)
(3208, 3209)
(3208, 3210)
(3226, 3227)
(3238, 3239)
(3238, 4308)
(3280, 3281)
(3280, 3282)
(3292, 3293)
(3292, 3294)
(3362, 3714)
(3368, 3369)
(3368, 3372)
(3378, 3735)
(3211, 3212)
(3217, 3218)
(3244, 3246)
(3244, 4313)
(3247, 3248)
(3247, 3249)
(3250, 3251)
(3250, 4320)
(3253, 3254)
(3253, 3255)
(3256, 3258)
(3256, 3613)
(3260, 3615)
(3261, 3615)
(3271, 3272)
(3271, 3273)
(3274, 3275)
(3274, 3276)
(3277, 3278)
(3277, 3279)
(3283, 3284)
(3283, 3285)
(3286, 3287)
(3286, 3288)
(3289, 3290)
(3289, 3291)
(3295, 3296)
(3295, 3297)
(3301, 3302)
(3301, 3303)
(3310, 3311)
(3310, 3312)
(3316, 3317)
(3316, 3318)
(3328, 3329)
(3328, 3330)
(3331, 3332)
(3331, 3333)
(3334, 3335)
(3334, 3336)
(3337, 3338)
(3337, 3339)
(3340, 3341)
(3340, 3342)
(3343, 3344)
(3343, 3345)
(3343, 4414)
(3343, 4415)
(3353, 3355)
(3353, 3357)
(3353, 3710)
(3353, 3712)
(3373, 3374)
(3373, 3375)
(3373, 3376)
(3373, 3377)
(31, 32)
(31, 33)
(36, 568)
(37, 38)
(37, 39)
(58, 59)
(58, 416)
(61, 62)
(61, 419)
(64, 65)
(64, 66)
(103, 104)
(103, 105)
(109, 110)
(109, 111)
(121, 122)
(121, 123)
(142, 673)
(143, 673)
(159, 160)
(159, 3365)
(159, 3366)
(159, 3367)
(535, 536)
(535, 537)
(538, 539)
(538, 540)
(568, 569)
(577, 578)
(577, 579)
(583, 584)
(583, 585)
(586, 588)
(586, 943)
(590, 945)
(591, 945)
(607, 608)
(607, 609)
(613, 614)
(613, 615)
(631, 632)
(631, 633)
(640, 641)
(640, 642)
(646, 647)
(646, 648)
(661, 662)
(661, 663)
(670, 671)
(670, 672)
(673, 674)
(673, 675)
(692, 1044)
(698, 699)
(698, 702)
(698, 3904)
(698, 3905)
(708, 1065)
(708, 3738)
(708, 3914)
(708, 4271)
(10, 11)
(10, 12)
(41, 574)
(48, 580)
(161, 1761)
(574, 576)
(580, 581)
(658, 659)
(658, 660)
(700, 2300)
(701, 2300)
(710, 2310)
(1633, 1634)
(1633, 1635)
(1638, 2170)
(1639, 1640)
(1639, 1641)
(1660, 1661)
(1660, 2018)
(1711, 1712)
(1711, 1713)
(1723, 1724)
(1723, 1725)
(1744, 2275)
(1761, 1762)
(2137, 2138)
(2137, 2139)
(2140, 2141)
(2140, 2142)
(2170, 2171)
(2185, 2186)
(2185, 2187)
(2188, 2190)
(2188, 2545)
(2209, 2210)
(2209, 2211)
(2233, 2234)
(2233, 2235)
(2248, 2249)
(2248, 2250)
(2263, 2264)
(2263, 2265)
(2275, 2276)
(2275, 2277)
(2294, 2646)
(2300, 2301)
(2300, 2304)
(2310, 2667)
(1612, 1613)
(1612, 1614)
(1643, 2176)
(1650, 2182)
(1663, 1664)
(1663, 2021)
(1666, 1667)
(1666, 1668)
(1705, 1706)
(1705, 1707)
(1745, 2275)
(1763, 3363)
(2176, 2178)
(2179, 2180)
(2179, 2181)
(2182, 2183)
(2192, 2547)
(2193, 2547)
(2215, 2216)
(2215, 2217)
(2242, 2243)
(2242, 2244)
(2260, 2261)
(2260, 2262)
(2272, 2273)
(2272, 2274)
(2302, 3902)
(2303, 3902)
(2312, 3912)
(3235, 3236)
(3235, 3237)
(3241, 3242)
(3241, 3243)
(3325, 3326)
(3325, 3327)
(3363, 3364)
(3739, 3740)
(3739, 3741)
(3742, 3743)
(3742, 3744)
(3772, 3773)
(3896, 4248)
(3902, 3903)
(3902, 3906)
(3912, 4269)
(3214, 3215)
(3214, 3216)
(3240, 3772)
(3245, 3778)
(3252, 3784)
(3262, 3263)
(3262, 3620)
(3265, 3266)
(3265, 3623)
(3268, 3269)
(3268, 3270)
(3307, 3308)
(3307, 3309)
(3313, 3314)
(3313, 3315)
(3346, 3877)
(3347, 3877)
(3778, 3780)
(3781, 3782)
(3781, 3783)
(3784, 3785)
(3787, 3788)
(3787, 3789)
(3790, 3792)
(3790, 4147)
(3794, 4149)
(3795, 4149)
(3811, 3812)
(3811, 3813)
(3817, 3818)
(3817, 3819)
(3835, 3836)
(3835, 3837)
(3844, 3845)
(3844, 3846)
(3850, 3851)
(3850, 3852)
(3862, 3863)
(3862, 3864)
(3865, 3866)
(3865, 3867)
(3874, 3875)
(3874, 3876)
(3877, 3878)
(3877, 3879)
(543, 3745)
(549, 3751)
(556, 557)
(556, 3762)
(565, 566)
(565, 567)
(570, 1102)
(571, 572)
(571, 573)
(592, 593)
(592, 950)
(595, 596)
(595, 953)
(598, 599)
(598, 600)
(601, 602)
(601, 603)
(610, 611)
(610, 612)
(619, 620)
(619, 621)
(622, 623)
(622, 624)
(625, 626)
(625, 627)
(637, 638)
(637, 639)
(643, 644)
(643, 645)
(655, 656)
(655, 657)
(664, 665)
(664, 666)
(667, 668)
(667, 669)
(676, 1207)
(677, 1207)
(683, 685)
(683, 687)
(683, 1040)
(683, 1042)
(693, 694)
(693, 3899)
(693, 3900)
(693, 3901)
(703, 704)
(703, 705)
(703, 706)
(703, 707)
(1069, 1070)
(1069, 1071)
(1102, 1103)
(1111, 1112)
(1111, 1113)
(1117, 1118)
(1117, 1119)
(1120, 1122)
(1120, 1477)
(1124, 1479)
(1125, 1479)
(1174, 1175)
(1174, 1176)
(1180, 1181)
(1180, 1182)
(1207, 1208)
(1207, 1209)
(1242, 1599)
(1242, 4272)
(1242, 4448)
(1242, 4805)
(541, 542)
(541, 2145)
(544, 545)
(544, 546)
(547, 548)
(547, 2151)
(575, 1108)
(582, 1114)
(604, 605)
(604, 606)
(616, 617)
(616, 618)
(695, 2295)
(696, 2295)
(697, 2295)
(1108, 1110)
(1114, 1115)
(1192, 1193)
(1192, 1194)
(1235, 2834)
(1244, 2844)
(2158, 2159)
(2167, 2168)
(2167, 2169)
(2172, 2704)
(2173, 2174)
(2173, 2175)
(2194, 2195)
(2194, 2552)
(2212, 2213)
(2212, 2214)
(2221, 2222)
(2221, 2223)
(2224, 2225)
(2224, 2226)
(2227, 2228)
(2227, 2229)
(2245, 2246)
(2245, 2247)
(2257, 2258)
(2257, 2259)
(2269, 2270)
(2269, 2271)
(2278, 2809)
(2295, 2296)
(2671, 2672)
(2671, 2673)
(2704, 2705)
(2719, 2720)
(2719, 2721)
(2722, 2724)
(2722, 3079)
(2782, 2783)
(2782, 2784)
(2809, 2810)
(2809, 2811)
(2844, 3201)
(2143, 2144)
(2143, 3747)
(2146, 2147)
(2146, 2148)
(2149, 2150)
(2149, 3753)
(2177, 2710)
(2184, 2716)
(2197, 2198)
(2197, 2555)
(2200, 2201)
(2200, 2202)
(2203, 2204)
(2203, 2205)
(2206, 2207)
(2206, 2208)
(2218, 2219)
(2218, 2220)
(2239, 2240)
(2239, 2241)
(2266, 2267)
(2266, 2268)
(2279, 2809)
(2285, 2287)
(2285, 2289)
(2285, 2642)
(2285, 2644)
(2297, 3897)
(2298, 3897)
(2299, 3897)
(2305, 2306)
(2305, 2307)
(2305, 2308)
(2305, 2309)
(2710, 2712)
(2713, 2714)
(2713, 2715)
(2716, 2717)
(2726, 3081)
(2727, 3081)
(2776, 2777)
(2776, 2778)
(2794, 2795)
(2794, 2796)
(2837, 4436)
(2846, 4446)
(3760, 3761)
(3769, 3770)
(3769, 3771)
(3775, 3776)
(3775, 3777)
(3814, 3815)
(3814, 3816)
(3826, 3827)
(3826, 3828)
(3859, 3860)
(3859, 3861)
(3897, 3898)
(4273, 4274)
(4273, 4275)
(4306, 4307)
(4446, 4803)
(3745, 3746)
(3748, 3749)
(3748, 3750)
(3751, 3752)
(3774, 4306)
(3779, 4312)
(3786, 4318)
(3796, 3797)
(3796, 4154)
(3799, 3800)
(3799, 4157)
(3802, 3803)
(3802, 3804)
(3805, 3806)
(3805, 3807)
(3808, 3809)
(3808, 3810)
(3820, 3821)
(3820, 3822)
(3823, 3824)
(3823, 3825)
(3829, 3830)
(3829, 3831)
(3841, 3842)
(3841, 3843)
(3847, 3848)
(3847, 3849)
(3868, 3869)
(3868, 3870)
(3871, 3872)
(3871, 3873)
(3880, 4411)
(3881, 4411)
(3887, 3889)
(3887, 3891)
(3887, 4244)
(3887, 4246)
(3907, 3908)
(3907, 3909)
(3907, 3910)
(3907, 3911)
(4312, 4314)
(4315, 4316)
(4315, 4317)
(4318, 4319)
(4321, 4322)
(4321, 4323)
(4324, 4326)
(4324, 4681)
(4328, 4683)
(4329, 4683)
(4378, 4379)
(4378, 4380)
(4384, 4385)
(4384, 4386)
(4396, 4397)
(4396, 4398)
(4411, 4412)
(4411, 4413)
(1072, 1073)
(1072, 1074)
(1077, 4279)
(1083, 4285)
(1090, 1091)
(1090, 4296)
(1099, 1100)
(1099, 1101)
(1105, 1106)
(1105, 1107)
(1126, 1127)
(1126, 1484)
(1129, 1130)
(1129, 1487)
(1132, 1133)
(1132, 1134)
(1135, 1136)
(1135, 1137)
(1141, 1142)
(1141, 1143)
(1144, 1145)
(1144, 1146)
(1147, 1148)
(1147, 1149)
(1153, 1154)
(1153, 1155)
(1156, 1157)
(1156, 1158)
(1159, 1160)
(1159, 1161)
(1165, 1166)
(1165, 1167)
(1171, 1172)
(1171, 1173)
(1177, 1178)
(1177, 1179)
(1189, 1190)
(1189, 1191)
(1195, 1196)
(1195, 1197)
(1198, 1199)
(1198, 1200)
(1201, 1202)
(1201, 1203)
(1204, 1205)
(1204, 1206)
(1217, 1219)
(1217, 1221)
(1217, 1574)
(1217, 1576)
(1226, 1578)
(1227, 1228)
(1227, 4433)
(1227, 4434)
(1227, 4435)
(1232, 1233)
(1232, 1236)
(1232, 4438)
(1232, 4439)
(1237, 1238)
(1237, 1239)
(1237, 1240)
(1237, 1241)
(1075, 1076)
(1075, 2679)
(1078, 1079)
(1078, 1080)
(1081, 1082)
(1081, 2685)
(1138, 1139)
(1138, 1140)
(1150, 1151)
(1150, 1152)
(1229, 2829)
(1230, 2829)
(1231, 2829)
(1234, 2834)
(2674, 2675)
(2674, 2676)
(2692, 2693)
(2701, 2702)
(2701, 2703)
(2707, 2708)
(2707, 2709)
(2728, 2729)
(2728, 3086)
(2743, 2744)
(2743, 2745)
(2746, 2747)
(2746, 2748)
(2755, 2756)
(2755, 2757)
(2758, 2759)
(2758, 2760)
(2761, 2762)
(2761, 2763)
(2767, 2768)
(2767, 2769)
(2779, 2780)
(2779, 2781)
(2791, 2792)
(2791, 2793)
(2797, 2798)
(2797, 2799)
(2803, 2804)
(2803, 2805)
(2828, 3180)
(2829, 2830)
(2834, 2835)
(2834, 2838)
(2677, 2678)
(2677, 4281)
(2680, 2681)
(2680, 2682)
(2683, 2684)
(2683, 4287)
(2731, 2732)
(2731, 3089)
(2734, 2735)
(2734, 2736)
(2737, 2738)
(2737, 2739)
(2740, 2741)
(2740, 2742)
(2749, 2750)
(2749, 2751)
(2752, 2753)
(2752, 2754)
(2773, 2774)
(2773, 2775)
(2800, 2801)
(2800, 2802)
(2806, 2807)
(2806, 2808)
(2819, 2821)
(2819, 2823)
(2819, 3176)
(2819, 3178)
(2831, 4431)
(2832, 4431)
(2833, 4431)
(2836, 4436)
(2839, 2840)
(2839, 2841)
(2839, 2842)
(2839, 2843)
(4276, 4277)
(4276, 4278)
(4294, 4295)
(4303, 4304)
(4303, 4305)
(4309, 4310)
(4309, 4311)
(4348, 4349)
(4348, 4350)
(4360, 4361)
(4360, 4362)
(4393, 4394)
(4393, 4395)
(4430, 4782)
(4431, 4432)
(4436, 4437)
(4436, 4440)
(4279, 4280)
(4282, 4283)
(4282, 4284)
(4285, 4286)
(4330, 4331)
(4330, 4688)
(4333, 4334)
(4333, 4691)
(4336, 4337)
(4336, 4338)
(4339, 4340)
(4339, 4341)
(4342, 4343)
(4342, 4344)
(4345, 4346)
(4345, 4347)
(4351, 4352)
(4351, 4353)
(4354, 4355)
(4354, 4356)
(4357, 4358)
(4357, 4359)
(4363, 4364)
(4363, 4365)
(4369, 4370)
(4369, 4371)
(4375, 4376)
(4375, 4377)
(4381, 4382)
(4381, 4383)
(4399, 4400)
(4399, 4401)
(4402, 4403)
(4402, 4404)
(4405, 4406)
(4405, 4407)
(4408, 4409)
(4408, 4410)
(4421, 4423)
(4421, 4425)
(4421, 4778)
(4421, 4780)
(4441, 4442)
(4441, 4443)
(4441, 4444)
(4441, 4445)
(19, 21)
(19, 3224)
(53, 230)
(55, 234)
(55, 235)
(63, 239)
(94, 95)
(94, 96)
(100, 101)
(100, 102)
(118, 119)
(118, 120)
(144, 145)
(144, 146)
(144, 147)
(144, 1216)
(152, 327)
(154, 155)
(154, 156)
(154, 157)
(154, 336)
(175, 352)
(179, 180)
(179, 181)
(182, 183)
(182, 184)
(187, 3389)
(193, 3395)
(227, 228)
(227, 229)
(230, 232)
(245, 246)
(245, 247)
(251, 252)
(251, 253)
(254, 255)
(254, 256)
(269, 270)
(269, 271)
(275, 276)
(275, 277)
(311, 312)
(311, 313)
(314, 315)
(314, 316)
(317, 318)
(317, 319)
(317, 1388)
(317, 1389)
(327, 329)
(327, 331)
(347, 348)
(347, 349)
(347, 350)
(347, 351)
(352, 3381)
(352, 3558)
(352, 4450)
(16, 17)
(16, 18)
(20, 1621)
(24, 1624)
(28, 29)
(28, 30)
(150, 327)
(177, 1954)
(185, 186)
(185, 1789)
(191, 192)
(191, 1795)
(218, 220)
(218, 1287)
(248, 249)
(248, 250)
(302, 303)
(302, 304)
(340, 1939)
(345, 1944)
(354, 1954)
(1621, 1623)
(1720, 1721)
(1720, 1722)
(1756, 1757)
(1756, 1758)
(1756, 1759)
(1756, 1938)
(1777, 1954)
(1781, 1782)
(1781, 1783)
(1784, 1785)
(1784, 1786)
(1829, 1830)
(1829, 1831)
(1832, 1834)
(1853, 1854)
(1853, 1855)
(1856, 1857)
(1856, 1858)
(1871, 1872)
(1871, 1873)
(1877, 1878)
(1877, 1879)
(1913, 1914)
(1913, 1915)
(1919, 1920)
(1919, 1921)
(1919, 2990)
(1919, 2991)
(1618, 1619)
(1618, 1620)
(1622, 3223)
(1626, 3226)
(1630, 1631)
(1630, 1632)
(1655, 1832)
(1657, 1836)
(1657, 1837)
(1665, 1841)
(1696, 1697)
(1696, 1698)
(1702, 1703)
(1702, 1704)
(1746, 1747)
(1746, 1748)
(1746, 1749)
(1746, 2818)
(1752, 1929)
(1754, 1929)
(1779, 3556)
(1787, 1788)
(1787, 3391)
(1793, 1794)
(1793, 3397)
(1820, 1822)
(1820, 2889)
(1847, 1848)
(1847, 1849)
(1850, 1851)
(1850, 1852)
(1904, 1905)
(1904, 1906)
(1916, 1917)
(1916, 1918)
(1929, 1931)
(1929, 1933)
(1942, 3541)
(1947, 3546)
(1949, 1950)
(1949, 1951)
(1949, 1952)
(1949, 1953)
(1956, 3556)
(3223, 3225)
(3322, 3323)
(3322, 3324)
(3358, 3359)
(3358, 3360)
(3358, 3361)
(3358, 3540)
(3379, 3556)
(3383, 3384)
(3383, 3385)
(3386, 3387)
(3386, 3388)
(3458, 3459)
(3458, 3460)
(3220, 3221)
(3220, 3222)
(3232, 3233)
(3232, 3234)
(3257, 3434)
(3259, 3438)
(3259, 3439)
(3267, 3443)
(3298, 3299)
(3298, 3300)
(3304, 3305)
(3304, 3306)
(3348, 3349)
(3348, 3350)
(3348, 3351)
(3348, 4420)
(3354, 3531)
(3356, 3531)
(3389, 3390)
(3395, 3396)
(3422, 3424)
(3422, 4491)
(3431, 3432)
(3431, 3433)
(3434, 3436)
(3449, 3450)
(3449, 3451)
(3452, 3453)
(3452, 3454)
(3455, 3456)
(3455, 3457)
(3473, 3474)
(3473, 3475)
(3479, 3480)
(3479, 3481)
(3506, 3507)
(3506, 3508)
(3515, 3516)
(3515, 3517)
(3518, 3519)
(3518, 3520)
(3521, 3522)
(3521, 3523)
(3521, 4592)
(3521, 4593)
(3531, 3533)
(3531, 3535)
(3551, 3552)
(3551, 3553)
(3551, 3554)
(3551, 3555)
(25, 26)
(25, 27)
(60, 236)
(148, 678)
(209, 210)
(209, 211)
(236, 237)
(239, 240)
(242, 243)
(242, 244)
(281, 282)
(281, 283)
(299, 300)
(299, 301)
(320, 851)
(321, 851)
(337, 338)
(337, 3543)
(337, 3544)
(337, 3545)
(553, 555)
(553, 3758)
(587, 764)
(589, 768)
(589, 769)
(634, 635)
(634, 636)
(652, 653)
(652, 654)
(678, 679)
(678, 680)
(678, 681)
(686, 861)
(709, 886)
(713, 714)
(713, 715)
(716, 717)
(716, 718)
(761, 762)
(761, 763)
(764, 766)
(785, 786)
(785, 787)
(809, 810)
(809, 811)
(848, 849)
(848, 850)
(851, 852)
(851, 853)
(886, 3382)
(886, 3915)
(886, 4092)
(115, 116)
(115, 117)
(178, 2488)
(188, 189)
(188, 190)
(219, 752)
(550, 551)
(550, 552)
(554, 2155)
(711, 2488)
(752, 754)
(836, 837)
(836, 838)
(879, 2478)
(888, 2488)
(1627, 1628)
(1627, 1629)
(1662, 1838)
(1750, 2280)
(1811, 1812)
(1811, 1813)
(1838, 1839)
(1901, 1902)
(1901, 1903)
(1922, 2453)
(1939, 1940)
(2155, 2157)
(2254, 2255)
(2254, 2256)
(2311, 2488)
(2315, 2316)
(2315, 2317)
(2318, 2319)
(2318, 2320)
(2363, 2364)
(2363, 2365)
(2366, 2368)
(2387, 2388)
(2387, 2389)
(2411, 2412)
(2411, 2413)
(2453, 2454)
(2453, 2455)
(1717, 1718)
(1717, 1719)
(1780, 4090)
(1790, 1791)
(1790, 1792)
(1821, 2354)
(1841, 1842)
(1844, 1845)
(1844, 1846)
(1883, 1884)
(1883, 1885)
(1923, 2453)
(2152, 2153)
(2152, 2154)
(2156, 3757)
(2189, 2366)
(2191, 2370)
(2191, 2371)
(2236, 2237)
(2236, 2238)
(2280, 2281)
(2280, 2282)
(2280, 2283)
(2288, 2463)
(2313, 4090)
(2354, 2356)
(2438, 2439)
(2438, 2440)
(2450, 2451)
(2450, 2452)
(2481, 4080)
(2490, 4090)
(3229, 3230)
(3229, 3231)
(3413, 3414)
(3413, 3415)
(3503, 3504)
(3503, 3505)
(3541, 3542)
(3757, 3759)
(3856, 3857)
(3856, 3858)
(3913, 4090)
(3917, 3918)
(3917, 3919)
(3920, 3921)
(3920, 3922)
(3264, 3440)
(3319, 3320)
(3319, 3321)
(3352, 3882)
(3392, 3393)
(3392, 3394)
(3423, 3956)
(3440, 3441)
(3443, 3444)
(3446, 3447)
(3446, 3448)
(3485, 3486)
(3485, 3487)
(3524, 4055)
(3525, 4055)
(3754, 3755)
(3754, 3756)
(3791, 3968)
(3793, 3972)
(3793, 3973)
(3838, 3839)
(3838, 3840)
(3882, 3883)
(3882, 3884)
(3882, 3885)
(3890, 4065)
(3956, 3958)
(3965, 3966)
(3965, 3967)
(3968, 3970)
(3989, 3990)
(3989, 3991)
(4013, 4014)
(4013, 4015)
(4040, 4041)
(4040, 4042)
(4052, 4053)
(4052, 4054)
(4055, 4056)
(4055, 4057)
(559, 560)
(559, 561)
(594, 770)
(597, 773)
(628, 629)
(628, 630)
(682, 1212)
(688, 689)
(688, 690)
(688, 691)
(688, 870)
(721, 3923)
(727, 3929)
(743, 744)
(743, 745)
(770, 771)
(773, 774)
(776, 777)
(776, 778)
(779, 780)
(779, 781)
(788, 789)
(788, 790)
(803, 804)
(803, 805)
(815, 816)
(815, 817)
(833, 834)
(833, 835)
(845, 846)
(845, 847)
(854, 1385)
(855, 1385)
(861, 863)
(861, 865)
(871, 872)
(871, 4077)
(871, 4078)
(871, 4079)
(881, 882)
(881, 883)
(881, 884)
(881, 885)
(1121, 1298)
(1123, 1302)
(1123, 1303)
(1186, 1187)
(1186, 1188)
(1212, 1213)
(1212, 1214)
(1212, 1215)
(1243, 1420)
(1247, 1248)
(1247, 1249)
(1295, 1296)
(1295, 1297)
(1298, 1300)
(1385, 1386)
(1385, 1387)
(1420, 3916)
(1420, 4449)
(1420, 4626)
(558, 2158)
(562, 563)
(562, 564)
(649, 650)
(649, 651)
(684, 861)
(712, 3022)
(719, 720)
(719, 2323)
(722, 723)
(722, 724)
(725, 726)
(725, 2329)
(753, 1286)
(782, 783)
(782, 784)
(874, 2473)
(1084, 1085)
(1084, 1086)
(1245, 3022)
(1286, 1288)
(1370, 1371)
(1370, 1372)
(1413, 3012)
(1422, 3022)
(2161, 2162)
(2161, 2163)
(2196, 2372)
(2284, 2814)
(2290, 2291)
(2290, 2292)
(2290, 2293)
(2290, 2472)
(2345, 2346)
(2345, 2347)
(2372, 2373)
(2390, 2391)
(2390, 2392)
(2405, 2406)
(2405, 2407)
(2435, 2436)
(2435, 2437)
(2447, 2448)
(2447, 2449)
(2456, 2987)
(2473, 2474)
(2788, 2789)
(2788, 2790)
(2845, 3022)
(2849, 2850)
(2849, 2851)
(2897, 2898)
(2897, 2899)
(2900, 2902)
(2987, 2988)
(2987, 2989)
(2160, 3760)
(2164, 2165)
(2164, 2166)
(2199, 2375)
(2230, 2231)
(2230, 2232)
(2251, 2252)
(2251, 2253)
(2286, 2463)
(2314, 4624)
(2321, 2322)
(2321, 3925)
(2324, 2325)
(2324, 2326)
(2327, 2328)
(2327, 3931)
(2355, 2888)
(2375, 2376)
(2378, 2379)
(2378, 2380)
(2381, 2382)
(2381, 2383)
(2384, 2385)
(2384, 2386)
(2417, 2418)
(2417, 2419)
(2457, 2987)
(2463, 2465)
(2463, 2467)
(2476, 4075)
(2483, 2484)
(2483, 2485)
(2483, 2486)
(2483, 2487)
(2686, 2687)
(2686, 2688)
(2723, 2900)
(2725, 2904)
(2725, 2905)
(2814, 2815)
(2814, 2816)
(2814, 2817)
(2847, 4624)
(2888, 2890)
(2972, 2973)
(2972, 2974)
(3015, 4614)
(3024, 4624)
(3763, 3764)
(3763, 3765)
(3892, 3893)
(3892, 3894)
(3892, 3895)
(3892, 4074)
(3947, 3948)
(3947, 3949)
(3992, 3993)
(3992, 3994)
(4037, 4038)
(4037, 4039)
(4075, 4076)
(4390, 4391)
(4390, 4392)
(4447, 4624)
(4451, 4452)
(4451, 4453)
(3766, 3767)
(3766, 3768)
(3798, 3974)
(3801, 3977)
(3832, 3833)
(3832, 3834)
(3853, 3854)
(3853, 3855)
(3886, 4416)
(3888, 4065)
(3923, 3924)
(3926, 3927)
(3926, 3928)
(3929, 3930)
(3957, 4490)
(3974, 3975)
(3977, 3978)
(3980, 3981)
(3980, 3982)
(3983, 3984)
(3983, 3985)
(3986, 3987)
(3986, 3988)
(4007, 4008)
(4007, 4009)
(4019, 4020)
(4019, 4021)
(4049, 4050)
(4049, 4051)
(4058, 4589)
(4059, 4589)
(4065, 4067)
(4065, 4069)
(4085, 4086)
(4085, 4087)
(4085, 4088)
(4085, 4089)
(4288, 4289)
(4288, 4290)
(4325, 4502)
(4327, 4506)
(4327, 4507)
(4416, 4417)
(4416, 4418)
(4416, 4419)
(4490, 4492)
(4499, 4500)
(4499, 4501)
(4502, 4504)
(4574, 4575)
(4574, 4576)
(4589, 4590)
(4589, 4591)
(1087, 1089)
(1087, 4292)
(1093, 1094)
(1093, 1095)
(1128, 1304)
(1131, 1307)
(1162, 1163)
(1162, 1164)
(1168, 1169)
(1168, 1170)
(1220, 1395)
(1222, 1223)
(1222, 1224)
(1222, 1225)
(1222, 1404)
(1250, 1251)
(1250, 1252)
(1255, 4457)
(1261, 4463)
(1277, 1278)
(1277, 1279)
(1304, 1305)
(1307, 1308)
(1310, 1311)
(1310, 1312)
(1313, 1314)
(1313, 1315)
(1319, 1320)
(1319, 1321)
(1322, 1323)
(1322, 1324)
(1337, 1338)
(1337, 1339)
(1343, 1344)
(1343, 1345)
(1349, 1350)
(1349, 1351)
(1367, 1368)
(1367, 1369)
(1379, 1380)
(1379, 1381)
(1382, 1383)
(1382, 1384)
(1395, 1397)
(1395, 1399)
(1405, 1406)
(1405, 4611)
(1405, 4612)
(1405, 4613)
(1415, 1416)
(1415, 1417)
(1415, 1418)
(1415, 1419)
(1088, 2689)
(1092, 2692)
(1096, 1097)
(1096, 1098)
(1183, 1184)
(1183, 1185)
(1218, 1395)
(1246, 1954)
(1253, 1254)
(1253, 2857)
(1256, 1257)
(1256, 1258)
(1259, 1260)
(1259, 2863)
(1316, 1317)
(1316, 1318)
(1408, 3007)
(2689, 2691)
(2695, 2696)
(2695, 2697)
(2730, 2906)
(2824, 2825)
(2824, 2826)
(2824, 2827)
(2824, 3006)
(2852, 2853)
(2852, 2854)
(2879, 2880)
(2879, 2881)
(2906, 2907)
(2921, 2922)
(2921, 2923)
(2924, 2925)
(2924, 2926)
(2939, 2940)
(2939, 2941)
(2945, 2946)
(2945, 2947)
(2969, 2970)
(2969, 2971)
(2981, 2982)
(2981, 2983)
(3007, 3008)
(2690, 4291)
(2694, 4294)
(2698, 2699)
(2698, 2700)
(2733, 2909)
(2764, 2765)
(2764, 2766)
(2770, 2771)
(2770, 2772)
(2785, 2786)
(2785, 2787)
(2820, 2997)
(2822, 2997)
(2848, 3556)
(2855, 2856)
(2855, 4459)
(2858, 2859)
(2858, 2860)
(2861, 2862)
(2861, 4465)
(2909, 2910)
(2912, 2913)
(2912, 2914)
(2915, 2916)
(2915, 2917)
(2918, 2919)
(2918, 2920)
(2951, 2952)
(2951, 2953)
(2984, 2985)
(2984, 2986)
(2997, 2999)
(2997, 3001)
(3010, 4609)
(3017, 3018)
(3017, 3019)
(3017, 3020)
(3017, 3021)
(4291, 4293)
(4297, 4298)
(4297, 4299)
(4426, 4427)
(4426, 4428)
(4426, 4429)
(4426, 4608)
(4454, 4455)
(4454, 4456)
(4481, 4482)
(4481, 4483)
(4526, 4527)
(4526, 4528)
(4571, 4572)
(4571, 4573)
(4609, 4610)
(4300, 4301)
(4300, 4302)
(4332, 4508)
(4335, 4511)
(4366, 4367)
(4366, 4368)
(4372, 4373)
(4372, 4374)
(4387, 4388)
(4387, 4389)
(4422, 4599)
(4424, 4599)
(4457, 4458)
(4460, 4461)
(4460, 4462)
(4463, 4464)
(4508, 4509)
(4511, 4512)
(4514, 4515)
(4514, 4516)
(4517, 4518)
(4517, 4519)
(4520, 4521)
(4520, 4522)
(4523, 4524)
(4523, 4525)
(4541, 4542)
(4541, 4543)
(4547, 4548)
(4547, 4549)
(4553, 4554)
(4553, 4555)
(4583, 4584)
(4583, 4585)
(4586, 4587)
(4586, 4588)
(4599, 4601)
(4599, 4603)
(4619, 4620)
(4619, 4621)
(4619, 4622)
(4619, 4623)
(197, 199)
(197, 3402)
(200, 201)
(200, 3406)
(212, 213)
(212, 1282)
(221, 222)
(221, 223)
(231, 408)
(233, 412)
(233, 413)
(241, 417)
(257, 258)
(257, 259)
(263, 264)
(263, 265)
(266, 267)
(266, 268)
(272, 273)
(272, 274)
(278, 279)
(278, 280)
(284, 285)
(284, 286)
(290, 291)
(290, 292)
(296, 297)
(296, 298)
(305, 306)
(305, 307)
(308, 309)
(308, 310)
(322, 323)
(322, 324)
(322, 325)
(322, 1394)
(330, 505)
(332, 333)
(332, 334)
(332, 335)
(332, 514)
(342, 343)
(342, 346)
(342, 3548)
(342, 3549)
(353, 530)
(357, 358)
(357, 359)
(360, 361)
(360, 362)
(371, 3573)
(405, 406)
(405, 407)
(408, 410)
(447, 448)
(447, 449)
(453, 454)
(453, 455)
(495, 496)
(495, 497)
(495, 1566)
(495, 1567)
(505, 507)
(505, 509)
(530, 3559)
(530, 3736)
(530, 4628)
(194, 195)
(194, 196)
(198, 1799)
(202, 1802)
(206, 207)
(206, 208)
(224, 225)
(224, 1294)
(260, 261)
(260, 262)
(328, 505)
(341, 1939)
(344, 1944)
(355, 2132)
(369, 370)
(369, 1973)
(480, 481)
(480, 482)
(532, 2132)
(1799, 1801)
(1802, 1803)
(1814, 1815)
(1814, 2884)
(1865, 1866)
(1865, 1867)
(1868, 1869)
(1868, 1870)
(1892, 1893)
(1892, 1894)
(1898, 1899)
(1898, 1900)
(1907, 1908)
(1907, 1909)
(1934, 1935)
(1934, 1936)
(1934, 1937)
(1934, 2116)
(1944, 1945)
(1944, 1948)
(1955, 2132)
(1959, 1960)
(1959, 1961)
(1962, 1963)
(1962, 1964)
(2007, 2008)
(2007, 2009)
(2010, 2012)
(2049, 2050)
(2049, 2051)
(2055, 2056)
(2055, 2057)
(2097, 2098)
(2097, 2099)
(2097, 3168)
(2097, 3169)
(1796, 1797)
(1796, 1798)
(1800, 3401)
(1804, 3404)
(1808, 1809)
(1808, 1810)
(1823, 1824)
(1823, 1825)
(1826, 1827)
(1826, 2896)
(1833, 2010)
(1835, 2014)
(1835, 2015)
(1843, 2019)
(1859, 1860)
(1859, 1861)
(1862, 1863)
(1862, 1864)
(1874, 1875)
(1874, 1876)
(1880, 1881)
(1880, 1882)
(1886, 1887)
(1886, 1888)
(1910, 1911)
(1910, 1912)
(1924, 1925)
(1924, 1926)
(1924, 1927)
(1924, 2996)
(1930, 2107)
(1932, 2107)
(1943, 3541)
(1946, 3546)
(1957, 3734)
(1971, 1972)
(1971, 3575)
(2082, 2083)
(2082, 2084)
(2107, 2109)
(2107, 2111)
(2134, 3734)
(3401, 3403)
(3404, 3405)
(3416, 3417)
(3416, 4486)
(3470, 3471)
(3470, 3472)
(3500, 3501)
(3500, 3502)
(3536, 3537)
(3536, 3538)
(3536, 3539)
(3536, 3718)
(3546, 3547)
(3546, 3550)
(3557, 3734)
(3561, 3562)
(3561, 3563)
(3564, 3565)
(3564, 3566)
(3398, 3399)
(3398, 3400)
(3410, 3411)
(3410, 3412)
(3425, 3426)
(3425, 3427)
(3428, 3429)
(3428, 4498)
(3435, 3612)
(3437, 3616)
(3437, 3617)
(3445, 3621)
(3461, 3462)
(3461, 3463)
(3464, 3465)
(3464, 3466)
(3467, 3468)
(3467, 3469)
(3476, 3477)
(3476, 3478)
(3482, 3483)
(3482, 3484)
(3488, 3489)
(3488, 3490)
(3494, 3495)
(3494, 3496)
(3509, 3510)
(3509, 3511)
(3512, 3513)
(3512, 3514)
(3526, 3527)
(3526, 3528)
(3526, 3529)
(3526, 4598)
(3532, 3709)
(3534, 3709)
(3573, 3574)
(3609, 3610)
(3609, 3611)
(3612, 3614)
(3651, 3652)
(3651, 3653)
(3657, 3658)
(3657, 3659)
(3684, 3685)
(3684, 3686)
(3699, 3700)
(3699, 3701)
(3699, 4770)
(3699, 4771)
(3709, 3711)
(3709, 3713)
(203, 204)
(203, 205)
(214, 746)
(215, 216)
(215, 217)
(238, 414)
(287, 288)
(287, 289)
(326, 856)
(414, 415)
(417, 418)
(420, 421)
(420, 422)
(477, 478)
(477, 479)
(498, 1029)
(731, 733)
(731, 3936)
(746, 747)
(755, 756)
(755, 757)
(765, 942)
(767, 946)
(767, 947)
(791, 792)
(791, 793)
(812, 813)
(812, 814)
(818, 819)
(818, 820)
(824, 825)
(824, 826)
(830, 831)
(830, 832)
(839, 840)
(839, 841)
(856, 857)
(856, 858)
(856, 859)
(864, 1039)
(876, 877)
(876, 880)
(876, 4082)
(876, 4083)
(887, 1064)
(891, 892)
(891, 893)
(894, 895)
(894, 896)
(939, 940)
(939, 941)
(942, 944)
(987, 988)
(987, 989)
(1029, 1030)
(1029, 1031)
(1064, 3560)
(1064, 4093)
(1064, 4270)
(226, 758)
(293, 294)
(293, 295)
(339, 1939)
(356, 2666)
(366, 367)
(366, 368)
(728, 729)
(728, 730)
(732, 2333)
(758, 759)
(878, 2478)
(889, 2666)
(1014, 1015)
(1014, 1016)
(1066, 2666)
(1805, 1806)
(1805, 1807)
(1816, 2348)
(1817, 1818)
(1817, 1819)
(1840, 2016)
(1889, 1890)
(1889, 1891)
(1928, 2458)
(2016, 2017)
(2079, 2080)
(2079, 2081)
(2100, 2631)
(2333, 2335)
(2348, 2349)
(2426, 2427)
(2426, 2428)
(2432, 2433)
(2432, 2434)
(2441, 2442)
(2441, 2443)
(2478, 2479)
(2478, 2482)
(2489, 2666)
(2493, 2494)
(2493, 2495)
(2496, 2497)
(2496, 2498)
(2541, 2542)
(2541, 2543)
(2544, 2546)
(2589, 2590)
(2589, 2591)
(2631, 2632)
(2631, 2633)
(1828, 2360)
(1895, 1896)
(1895, 1897)
(1941, 3541)
(1958, 4268)
(1968, 1969)
(1968, 1970)
(2019, 2020)
(2022, 2023)
(2022, 2024)
(2330, 2331)
(2330, 2332)
(2334, 3935)
(2357, 2358)
(2357, 2359)
(2360, 2361)
(2367, 2544)
(2369, 2548)
(2369, 2549)
(2393, 2394)
(2393, 2395)
(2414, 2415)
(2414, 2416)
(2420, 2421)
(2420, 2422)
(2458, 2459)
(2458, 2460)
(2458, 2461)
(2466, 2641)
(2480, 4080)
(2491, 4268)
(2616, 2617)
(2616, 2618)
(2668, 4268)
(3407, 3408)
(3407, 3409)
(3419, 3420)
(3419, 3421)
(3681, 3682)
(3681, 3683)
(3935, 3937)
(3950, 3951)
(4034, 4035)
(4034, 4036)
(4080, 4081)
(4080, 4084)
(4091, 4268)
(4095, 4096)
(4095, 4097)
(4098, 4099)
(4098, 4100)
(3418, 3950)
(3430, 3962)
(3442, 3618)
(3491, 3492)
(3491, 3493)
(3497, 3498)
(3497, 3499)
(3530, 4060)
(3570, 3571)
(3570, 3572)
(3618, 3619)
(3621, 3622)
(3624, 3625)
(3624, 3626)
(3702, 4233)
(3932, 3933)
(3932, 3934)
(3959, 3960)
(3959, 3961)
(3962, 3963)
(3969, 4146)
(3971, 4150)
(3971, 4151)
(3995, 3996)
(3995, 3997)
(4016, 4017)
(4016, 4018)
(4022, 4023)
(4022, 4024)
(4028, 4029)
(4028, 4030)
(4043, 4044)
(4043, 4045)
(4060, 4061)
(4060, 4062)
(4060, 4063)
(4068, 4243)
(4143, 4144)
(4143, 4145)
(4146, 4148)
(4191, 4192)
(4191, 4193)
(4218, 4219)
(4218, 4220)
(4233, 4234)
(4233, 4235)
(734, 735)
(734, 3940)
(737, 738)
(737, 739)
(748, 1280)
(749, 750)
(749, 751)
(772, 948)
(775, 951)
(797, 798)
(797, 799)
(800, 801)
(800, 802)
(806, 807)
(806, 808)
(821, 822)
(821, 823)
(842, 843)
(842, 844)
(860, 1390)
(866, 867)
(866, 868)
(866, 869)
(866, 1048)
(905, 4107)
(948, 949)
(951, 952)
(954, 955)
(954, 956)
(981, 982)
(981, 983)
(1011, 1012)
(1011, 1013)
(1032, 1563)
(1039, 1041)
(1039, 1043)
(1280, 1281)
(1289, 1290)
(1289, 1291)
(1299, 1476)
(1301, 1480)
(1301, 1481)
(1352, 1353)
(1352, 1354)
(1358, 1359)
(1358, 1360)
(1364, 1365)
(1364, 1366)
(1390, 1391)
(1390, 1392)
(1390, 1393)
(1421, 1598)
(1425, 1426)
(1425, 1427)
(1473, 1474)
(1473, 1475)
(1476, 1478)
(1563, 1564)
(1563, 1565)
(1598, 4094)
(1598, 4627)
(1598, 4804)
(736, 2336)
(740, 741)
(740, 742)
(760, 1292)
(794, 795)
(794, 796)
(827, 828)
(827, 829)
(862, 1039)
(873, 2473)
(875, 2473)
(890, 3200)
(900, 901)
(900, 902)
(903, 904)
(903, 2507)
(1262, 1263)
(1262, 1264)
(1292, 1293)
(1423, 3200)
(1548, 1549)
(1548, 1550)
(1600, 3200)
(2336, 2337)
(2339, 2340)
(2339, 2341)
(2350, 2882)
(2351, 2352)
(2351, 2353)
(2374, 2550)
(2399, 2400)
(2399, 2401)
(2402, 2403)
(2402, 2404)
(2423, 2424)
(2423, 2425)
(2462, 2992)
(2468, 2469)
(2468, 2470)
(2468, 2471)
(2468, 2650)
(2550, 2551)
(2583, 2584)
(2583, 2585)
(2613, 2614)
(2613, 2615)
(2634, 3165)
(2882, 2883)
(2960, 2961)
(2960, 2962)
(2966, 2967)
(2966, 2968)
(3023, 3200)
(3027, 3028)
(3027, 3029)
(3075, 3076)
(3075, 3077)
(3078, 3080)
(3165, 3166)
(3165, 3167)
(2338, 3938)
(2342, 2343)
(2342, 2344)
(2362, 2894)
(2377, 2553)
(2396, 2397)
(2396, 2398)
(2408, 2409)
(2408, 2410)
(2429, 2430)
(2429, 2431)
(2444, 2445)
(2444, 2446)
(2464, 2641)
(2475, 4075)
(2477, 4075)
(2492, 4802)
(2502, 2503)
(2502, 2504)
(2505, 2506)
(2505, 4109)
(2553, 2554)
(2556, 2557)
(2556, 2558)
(2641, 2643)
(2641, 2645)
(2864, 2865)
(2864, 2866)
(2891, 2892)
(2891, 2893)
(2894, 2895)
(2901, 3078)
(2903, 3082)
(2903, 3083)
(2954, 2955)
(2954, 2956)
(2992, 2993)
(2992, 2994)
(2992, 2995)
(3025, 4802)
(3150, 3151)
(3150, 3152)
(3202, 4802)
(3938, 3939)
(3941, 3942)
(3941, 3943)
(3953, 3954)
(3953, 3955)
(4004, 4005)
(4004, 4006)
(4070, 4071)
(4070, 4072)
(4070, 4073)
(4070, 4252)
(4215, 4216)
(4215, 4217)
(4484, 4485)
(4568, 4569)
(4568, 4570)
(4625, 4802)
(4629, 4630)
(4629, 4631)
(3944, 3945)
(3944, 3946)
(3952, 4484)
(3964, 4496)
(3976, 4152)
(3979, 4155)
(3998, 3999)
(3998, 4000)
(4001, 4002)
(4001, 4003)
(4010, 4011)
(4010, 4012)
(4025, 4026)
(4025, 4027)
(4031, 4032)
(4031, 4033)
(4046, 4047)
(4046, 4048)
(4064, 4594)
(4066, 4243)
(4104, 4105)
(4104, 4106)
(4107, 4108)
(4152, 4153)
(4155, 4156)
(4158, 4159)
(4158, 4160)
(4185, 4186)
(4185, 4187)
(4236, 4767)
(4243, 4245)
(4243, 4247)
(4466, 4467)
(4466, 4468)
(4493, 4494)
(4493, 4495)
(4496, 4497)
(4503, 4680)
(4505, 4684)
(4505, 4685)
(4556, 4557)
(4556, 4558)
(4562, 4563)
(4562, 4564)
(4594, 4595)
(4594, 4596)
(4594, 4597)
(4677, 4678)
(4677, 4679)
(4680, 4682)
(4752, 4753)
(4752, 4754)
(4767, 4768)
(4767, 4769)
(1265, 1267)
(1265, 4470)
(1268, 1269)
(1268, 4474)
(1271, 1272)
(1271, 1273)
(1283, 1284)
(1283, 1285)
(1306, 1482)
(1309, 1485)
(1325, 1326)
(1325, 1327)
(1331, 1332)
(1331, 1333)
(1334, 1335)
(1334, 1336)
(1340, 1341)
(1340, 1342)
(1346, 1347)
(1346, 1348)
(1355, 1356)
(1355, 1357)
(1373, 1374)
(1373, 1375)
(1376, 1377)
(1376, 1378)
(1398, 1573)
(1400, 1401)
(1400, 1402)
(1400, 1403)
(1400, 1582)
(1410, 1411)
(1410, 1414)
(1410, 4616)
(1410, 4617)
(1428, 1429)
(1428, 1430)
(1439, 4641)
(1482, 1483)
(1485, 1486)
(1488, 1489)
(1488, 1490)
(1515, 1516)
(1515, 1517)
(1521, 1522)
(1521, 1523)
(1545, 1546)
(1545, 1547)
(1573, 1575)
(1573, 1577)
(1266, 2867)
(1270, 2870)
(1274, 1275)
(1274, 1276)
(1328, 1329)
(1328, 1330)
(1361, 1362)
(1361, 1363)
(1396, 1573)
(1407, 3007)
(1409, 3007)
(1412, 3012)
(1424, 2132)
(1434, 1435)
(1434, 1436)
(1437, 1438)
(1437, 3041)
(2867, 2869)
(2870, 2871)
(2873, 2874)
(2873, 2875)
(2885, 2886)
(2885, 2887)
(2908, 3084)
(2933, 2934)
(2933, 2935)
(2936, 2937)
(2936, 2938)
(2957, 2958)
(2957, 2959)
(2975, 2976)
(2975, 2977)
(3002, 3003)
(3002, 3004)
(3002, 3005)
(3002, 3184)
(3012, 3013)
(3012, 3016)
(3030, 3031)
(3030, 3032)
(3084, 3085)
(3117, 3118)
(3117, 3119)
(3123, 3124)
(3123, 3125)
(3147, 3148)
(3147, 3149)
(2868, 4469)
(2872, 4472)
(2876, 2877)
(2876, 2878)
(2911, 3087)
(2927, 2928)
(2927, 2929)
(2930, 2931)
(2930, 2932)
(2942, 2943)
(2942, 2944)
(2948, 2949)
(2948, 2950)
(2963, 2964)
(2963, 2965)
(2978, 2979)
(2978, 2980)
(2998, 3175)
(3000, 3175)
(3009, 4609)
(3011, 4609)
(3014, 4614)
(3026, 3734)
(3036, 3037)
(3036, 3038)
(3039, 3040)
(3039, 4643)
(3087, 3088)
(3090, 3091)
(3090, 3092)
(3175, 3177)
(3175, 3179)
(4469, 4471)
(4472, 4473)
(4475, 4476)
(4475, 4477)
(4487, 4488)
(4487, 4489)
(4538, 4539)
(4538, 4540)
(4604, 4605)
(4604, 4606)
(4604, 4607)
(4604, 4786)
(4614, 4615)
(4614, 4618)
(4632, 4633)
(4632, 4634)
(4749, 4750)
(4749, 4751)
(4478, 4479)
(4478, 4480)
(4510, 4686)
(4513, 4689)
(4529, 4530)
(4529, 4531)
(4532, 4533)
(4532, 4534)
(4535, 4536)
(4535, 4537)
(4544, 4545)
(4544, 4546)
(4550, 4551)
(4550, 4552)
(4559, 4560)
(4559, 4561)
(4565, 4566)
(4565, 4567)
(4577, 4578)
(4577, 4579)
(4580, 4581)
(4580, 4582)
(4600, 4777)
(4602, 4777)
(4638, 4639)
(4638, 4640)
(4641, 4642)
(4686, 4687)
(4689, 4690)
(4692, 4693)
(4692, 4694)
(4719, 4720)
(4719, 4721)
(4725, 4726)
(4725, 4727)
(4777, 4779)
(4777, 4781)
(365, 3567)
(375, 377)
(375, 3580)
(378, 379)
(378, 3584)
(390, 391)
(390, 1460)
(399, 400)
(399, 401)
(423, 424)
(423, 425)
(429, 430)
(429, 431)
(432, 433)
(432, 434)
(435, 436)
(435, 437)
(441, 442)
(441, 443)
(444, 445)
(444, 446)
(450, 451)
(450, 452)
(456, 457)
(456, 458)
(462, 463)
(462, 464)
(468, 469)
(468, 470)
(474, 475)
(474, 476)
(483, 484)
(483, 485)
(486, 487)
(486, 488)
(489, 490)
(489, 491)
(492, 493)
(492, 494)
(500, 501)
(500, 502)
(500, 503)
(500, 1572)
(510, 511)
(510, 512)
(510, 513)
(520, 521)
(520, 524)
(520, 3726)
(520, 3727)
(525, 526)
(525, 527)
(525, 528)
(525, 529)
(363, 364)
(363, 1967)
(372, 373)
(372, 374)
(376, 1977)
(380, 1980)
(384, 385)
(384, 386)
(396, 398)
(396, 1465)
(402, 403)
(402, 1472)
(426, 427)
(426, 428)
(438, 439)
(438, 440)
(518, 2117)
(519, 2117)
(522, 2122)
(523, 2122)
(533, 1776)
(1977, 1979)
(1980, 1981)
(1992, 1993)
(1992, 3062)
(2031, 2032)
(2031, 2033)
(2034, 2035)
(2034, 2036)
(2043, 2044)
(2043, 2045)
(2046, 2047)
(2046, 2048)
(2070, 2071)
(2070, 2072)
(2076, 2077)
(2076, 2078)
(2085, 2086)
(2085, 2087)
(2091, 2092)
(2091, 2093)
(2112, 2113)
(2112, 2114)
(2112, 2115)
(2122, 2123)
(2122, 2126)
(1965, 1966)
(1965, 3569)
(1974, 1975)
(1974, 1976)
(1978, 3579)
(1982, 3582)
(1986, 1987)
(1986, 1988)
(1998, 2000)
(1998, 3067)
(2001, 2002)
(2001, 2003)
(2004, 2005)
(2004, 3074)
(2025, 2026)
(2025, 2027)
(2028, 2029)
(2028, 2030)
(2037, 2038)
(2037, 2039)
(2040, 2041)
(2040, 2042)
(2052, 2053)
(2052, 2054)
(2058, 2059)
(2058, 2060)
(2064, 2065)
(2064, 2066)
(2088, 2089)
(2088, 2090)
(2094, 2095)
(2094, 2096)
(2102, 2103)
(2102, 2104)
(2102, 2105)
(2102, 3174)
(2120, 3719)
(2121, 3719)
(2124, 3724)
(2125, 3724)
(2127, 2128)
(2127, 2129)
(2127, 2130)
(2127, 2131)
(2135, 3378)
(3579, 3581)
(3582, 3583)
(3594, 3595)
(3594, 4664)
(3636, 3637)
(3636, 3638)
(3648, 3649)
(3648, 3650)
(3678, 3679)
(3678, 3680)
(3714, 3715)
(3714, 3716)
(3714, 3717)
(3724, 3725)
(3724, 3728)
(3567, 3568)
(3576, 3577)
(3576, 3578)
(3588, 3589)
(3588, 3590)
(3600, 3602)
(3600, 4669)
(3603, 3604)
(3603, 3605)
(3606, 3607)
(3606, 4676)
(3627, 3628)
(3627, 3629)
(3630, 3631)
(3630, 3632)
(3633, 3634)
(3633, 3635)
(3639, 3640)
(3639, 3641)
(3642, 3643)
(3642, 3644)
(3645, 3646)
(3645, 3647)
(3654, 3655)
(3654, 3656)
(3660, 3661)
(3660, 3662)
(3666, 3667)
(3666, 3668)
(3672, 3673)
(3672, 3674)
(3687, 3688)
(3687, 3689)
(3690, 3691)
(3690, 3692)
(3693, 3694)
(3693, 3695)
(3696, 3697)
(3696, 3698)
(3704, 3705)
(3704, 3706)
(3704, 3707)
(3704, 4776)
(3729, 3730)
(3729, 3731)
(3729, 3732)
(3729, 3733)
(381, 382)
(381, 383)
(387, 388)
(387, 389)
(392, 924)
(393, 394)
(393, 395)
(459, 460)
(459, 461)
(465, 466)
(465, 467)
(499, 1029)
(504, 1034)
(515, 516)
(515, 3721)
(515, 3722)
(515, 3723)
(909, 911)
(909, 4114)
(924, 925)
(933, 934)
(933, 935)
(963, 964)
(963, 965)
(969, 970)
(969, 971)
(990, 991)
(990, 992)
(996, 997)
(996, 998)
(1002, 1003)
(1002, 1004)
(1008, 1009)
(1008, 1010)
(1017, 1018)
(1017, 1019)
(1026, 1027)
(1026, 1028)
(1034, 1035)
(1034, 1036)
(1034, 1037)
(1054, 1055)
(1054, 1058)
(1054, 4260)
(1054, 4261)
(397, 930)
(404, 936)
(471, 472)
(471, 473)
(517, 2117)
(534, 2310)
(906, 907)
(906, 908)
(910, 2511)
(930, 932)
(936, 937)
(1056, 2656)
(1057, 2656)
(1067, 2310)
(1983, 1984)
(1983, 1985)
(1989, 1990)
(1989, 1991)
(1994, 2526)
(1995, 1996)
(1995, 1997)
(2067, 2068)
(2067, 2069)
(2106, 2636)
(2117, 2118)
(2511, 2513)
(2526, 2527)
(2565, 2566)
(2565, 2567)
(2604, 2605)
(2604, 2606)
(2610, 2611)
(2610, 2612)
(2619, 2620)
(2619, 2621)
(2656, 2657)
(2656, 2660)
(1999, 2532)
(2006, 2538)
(2061, 2062)
(2061, 2063)
(2073, 2074)
(2073, 2075)
(2101, 2631)
(2119, 3719)
(2136, 3912)
(2508, 2509)
(2508, 2510)
(2512, 4113)
(2532, 2534)
(2535, 2536)
(2535, 2537)
(2538, 2539)
(2571, 2572)
(2571, 2573)
(2592, 2593)
(2592, 2594)
(2598, 2599)
(2598, 2600)
(2628, 2629)
(2628, 2630)
(2636, 2637)
(2636, 2638)
(2636, 2639)
(2658, 4258)
(2659, 4258)
(2669, 3912)
(3585, 3586)
(3585, 3587)
(3591, 3592)
(3591, 3593)
(3597, 3598)
(3597, 3599)
(3719, 3720)
(4113, 4115)
(4128, 4129)
(4212, 4213)
(4212, 4214)
(4258, 4259)
(4258, 4262)
(3596, 4128)
(3601, 4134)
(3608, 4140)
(3663, 3664)
(3663, 3665)
(3669, 3670)
(3669, 3671)
(3675, 3676)
(3675, 3677)
(3703, 4233)
(3708, 4238)
(4110, 4111)
(4110, 4112)
(4134, 4136)
(4137, 4138)
(4137, 4139)
(4140, 4141)
(4167, 4168)
(4167, 4169)
(4173, 4174)
(4173, 4175)
(4194, 4195)
(4194, 4196)
(4200, 4201)
(4200, 4202)
(4206, 4207)
(4206, 4208)
(4221, 4222)
(4221, 4223)
(4230, 4231)
(4230, 4232)
(4238, 4239)
(4238, 4240)
(4238, 4241)
(899, 4101)
(912, 913)
(912, 4118)
(915, 916)
(915, 917)
(921, 922)
(921, 923)
(926, 1458)
(927, 928)
(927, 929)
(957, 958)
(957, 959)
(966, 967)
(966, 968)
(975, 976)
(975, 977)
(978, 979)
(978, 980)
(984, 985)
(984, 986)
(993, 994)
(993, 995)
(999, 1000)
(999, 1001)
(1020, 1021)
(1020, 1022)
(1023, 1024)
(1023, 1025)
(1033, 1563)
(1038, 1568)
(1044, 1045)
(1044, 1046)
(1044, 1047)
(1049, 1050)
(1049, 4255)
(1049, 4256)
(1049, 4257)
(1059, 1060)
(1059, 1061)
(1059, 1062)
(1059, 1063)
(1458, 1459)
(1467, 1468)
(1467, 1469)
(1530, 1531)
(1530, 1532)
(1536, 1537)
(1536, 1538)
(1542, 1543)
(1542, 1544)
(1568, 1569)
(1568, 1570)
(1568, 1571)
(897, 898)
(897, 2501)
(914, 2514)
(918, 919)
(918, 920)
(931, 1464)
(938, 1470)
(960, 961)
(960, 962)
(972, 973)
(972, 974)
(1005, 1006)
(1005, 1007)
(1051, 2651)
(1052, 2651)
(1053, 2651)
(1068, 2844)
(1440, 1441)
(1440, 1442)
(1464, 1466)
(1470, 1471)
(1591, 3190)
(1601, 2844)
(2514, 2515)
(2517, 2518)
(2517, 2519)
(2523, 2524)
(2523, 2525)
(2528, 3060)
(2529, 2530)
(2529, 2531)
(2568, 2569)
(2568, 2570)
(2577, 2578)
(2577, 2579)
(2580, 2581)
(2580, 2582)
(2601, 2602)
(2601, 2603)
(2625, 2626)
(2625, 2627)
(2640, 3170)
(2646, 2647)
(2646, 2648)
(2646, 2649)
(2651, 2652)
(3060, 3061)
(3138, 3139)
(3138, 3140)
(3144, 3145)
(3144, 3146)
(2499, 2500)
(2499, 4103)
(2516, 4116)
(2520, 2521)
(2520, 2522)
(2533, 3066)
(2540, 3072)
(2559, 2560)
(2559, 2561)
(2562, 2563)
(2562, 2564)
(2574, 2575)
(2574, 2576)
(2586, 2587)
(2586, 2588)
(2595, 2596)
(2595, 2597)
(2607, 2608)
(2607, 2609)
(2622, 2623)
(2622, 2624)
(2635, 3165)
(2653, 4253)
(2654, 4253)
(2655, 4253)
(2661, 2662)
(2661, 2663)
(2661, 2664)
(2661, 2665)
(2670, 4446)
(3042, 3043)
(3042, 3044)
(3066, 3068)
(3069, 3070)
(3069, 3071)
(3072, 3073)
(3132, 3133)
(3132, 3134)
(3170, 3171)
(3170, 3172)
(3170, 3173)
(3193, 4792)
(3203, 4446)
(4116, 4117)
(4119, 4120)
(4119, 4121)
(4125, 4126)
(4125, 4127)
(4131, 4132)
(4131, 4133)
(4170, 4171)
(4170, 4172)
(4182, 4183)
(4182, 4184)
(4248, 4249)
(4248, 4250)
(4248, 4251)
(4253, 4254)
(4662, 4663)
(4746, 4747)
(4746, 4748)
(4101, 4102)
(4122, 4123)
(4122, 4124)
(4130, 4662)
(4135, 4668)
(4142, 4674)
(4161, 4162)
(4161, 4163)
(4164, 4165)
(4164, 4166)
(4176, 4177)
(4176, 4178)
(4179, 4180)
(4179, 4181)
(4188, 4189)
(4188, 4190)
(4197, 4198)
(4197, 4199)
(4203, 4204)
(4203, 4205)
(4209, 4210)
(4209, 4211)
(4224, 4225)
(4224, 4226)
(4227, 4228)
(4227, 4229)
(4237, 4767)
(4242, 4772)
(4263, 4264)
(4263, 4265)
(4263, 4266)
(4263, 4267)
(4644, 4645)
(4644, 4646)
(4668, 4670)
(4671, 4672)
(4671, 4673)
(4674, 4675)
(4734, 4735)
(4734, 4736)
(4740, 4741)
(4740, 4742)
(4772, 4773)
(4772, 4774)
(4772, 4775)
(1433, 4635)
(1443, 1445)
(1443, 4648)
(1446, 1447)
(1446, 4652)
(1449, 1450)
(1449, 1451)
(1455, 1456)
(1455, 1457)
(1461, 1462)
(1461, 1463)
(1491, 1492)
(1491, 1493)
(1497, 1498)
(1497, 1499)
(1500, 1501)
(1500, 1502)
(1503, 1504)
(1503, 1505)
(1509, 1510)
(1509, 1511)
(1512, 1513)
(1512, 1514)
(1518, 1519)
(1518, 1520)
(1524, 1525)
(1524, 1526)
(1527, 1528)
(1527, 1529)
(1533, 1534)
(1533, 1535)
(1551, 1552)
(1551, 1553)
(1554, 1555)
(1554, 1556)
(1557, 1558)
(1557, 1559)
(1560, 1561)
(1560, 1562)
(1578, 1579)
(1578, 1580)
(1578, 1581)
(1583, 1584)
(1583, 4789)
(1583, 4790)
(1583, 4791)
(1588, 1589)
(1588, 1592)
(1588, 4794)
(1588, 4795)
(1593, 1594)
(1593, 1595)
(1593, 1596)
(1593, 1597)
(1431, 1432)
(1431, 3035)
(1444, 3045)
(1448, 3048)
(1452, 1453)
(1452, 1454)
(1494, 1495)
(1494, 1496)
(1506, 1507)
(1506, 1508)
(1539, 1540)
(1539, 1541)
(1585, 3185)
(1586, 3185)
(1587, 3185)
(1590, 3190)
(1602, 1776)
(3045, 3047)
(3048, 3049)
(3051, 3052)
(3051, 3053)
(3057, 3058)
(3057, 3059)
(3063, 3064)
(3063, 3065)
(3099, 3100)
(3099, 3101)
(3102, 3103)
(3102, 3104)
(3111, 3112)
(3111, 3113)
(3114, 3115)
(3114, 3116)
(3135, 3136)
(3135, 3137)
(3153, 3154)
(3153, 3155)
(3159, 3160)
(3159, 3161)
(3180, 3181)
(3180, 3182)
(3180, 3183)
(3185, 3186)
(3190, 3191)
(3190, 3194)
(3033, 3034)
(3033, 4637)
(3046, 4647)
(3050, 4650)
(3054, 3055)
(3054, 3056)
(3093, 3094)
(3093, 3095)
(3096, 3097)
(3096, 3098)
(3105, 3106)
(3105, 3107)
(3108, 3109)
(3108, 3110)
(3120, 3121)
(3120, 3122)
(3126, 3127)
(3126, 3128)
(3129, 3130)
(3129, 3131)
(3141, 3142)
(3141, 3143)
(3156, 3157)
(3156, 3158)
(3162, 3163)
(3162, 3164)
(3187, 4787)
(3188, 4787)
(3189, 4787)
(3192, 4792)
(3195, 3196)
(3195, 3197)
(3195, 3198)
(3195, 3199)
(3204, 3378)
(4647, 4649)
(4650, 4651)
(4653, 4654)
(4653, 4655)
(4659, 4660)
(4659, 4661)
(4665, 4666)
(4665, 4667)
(4704, 4705)
(4704, 4706)
(4716, 4717)
(4716, 4718)
(4782, 4783)
(4782, 4784)
(4782, 4785)
(4787, 4788)
(4792, 4793)
(4792, 4796)
(4635, 4636)
(4656, 4657)
(4656, 4658)
(4695, 4696)
(4695, 4697)
(4698, 4699)
(4698, 4700)
(4701, 4702)
(4701, 4703)
(4707, 4708)
(4707, 4709)
(4710, 4711)
(4710, 4712)
(4713, 4714)
(4713, 4715)
(4722, 4723)
(4722, 4724)
(4728, 4729)
(4728, 4730)
(4731, 4732)
(4731, 4733)
(4737, 4738)
(4737, 4739)
(4743, 4744)
(4743, 4745)
(4755, 4756)
(4755, 4757)
(4758, 4759)
(4758, 4760)
(4761, 4762)
(4761, 4763)
(4764, 4765)
(4764, 4766)
(4797, 4798)
(4797, 4799)
(4797, 4800)
(4797, 4801)
