LAMMPS Description (2021-04-18 12:06:14.815432)

4806 atoms
3348 bonds
2538 angles

6 atom types
2 bond types
2 angle types

-11.257468632648 -11.257468632648 xlo xhi
-11.257468632648 -11.257468632648 ylo yhi
-11.257468632648 -11.257468632648 zlo zhi

Masses

 1      15.999400000000
 2      1.007940000000
 3      12.011000000000
 4      1.007940000000
 5      12.011000000000
 6      1.007940000000
 1      15.999400000000
 2      1.007940000000
 3      12.011000000000
 4      1.007940000000
 5      12.011000000000
 6      1.007940000000

